2021-07-31T17:40:02+00:00 CRITICAL Uncaught Error: Unknown named parameter $tasks_meta_id in C:\xampp\htdocs\shoeshop\wp-includes\class-wp-hook.php:303
Stack trace:
#0 C:\xampp\htdocs\shoeshop\wp-includes\class-wp-hook.php(327): WP_Hook->apply_filters('', Array)
#1 C:\xampp\htdocs\shoeshop\wp-includes\plugin.php(518): WP_Hook->do_action(Array)
#2 C:\xampp\htdocs\shoeshop\wp-content\plugins\woocommerce\packages\action-scheduler\classes\actions\ActionScheduler_Action.php(22): do_action_ref_array('wpforms_admin_a...', Array)
#3 C:\xampp\htdocs\shoeshop\wp-content\plugins\woocommerce\packages\action-scheduler\classes\abstracts\ActionScheduler_Abstract_QueueRunner.php(65): ActionScheduler_Action->execute()
#4 C:\xampp\htdocs\shoeshop\wp-content\plugins\woocommerce\packages\action-scheduler\classes\ActionScheduler_QueueRunner.php(162): ActionScheduler_Abstract_QueueRunner->process_action(1070, 'Async Request')
#5 C:\xampp\htdocs\shoeshop\wp-content\plugins\woocommerce\packages\action-scheduler\classes\ActionScheduler_QueueRunner.php(132): ActionScheduler_QueueRunner->do_batch(25, 'Async Request')
#6 C:\xampp\htdocs\shoeshop\wp-includes\class-wp-hook.php(303): ActionScheduler_QueueRunner->run('Async Request')
#7 C:\xampp\htdocs\shoeshop\wp-includes\class-wp-hook.php(327): WP_Hook->apply_filters('', Array)
#8 C:\xampp\htdocs\shoeshop\wp-includes\plugin.php(470): WP_Hook->do_action(Array)
#9 C:\xampp\htdocs\shoeshop\wp-content\plugins\woocommerce\packages\action-scheduler\classes\ActionScheduler_AsyncRequest_QueueRunner.php(52): do_action('action_schedule...', 'Async Request')
#10 C:\xampp\htdocs\shoeshop\wp-content\plugins\woocommerce\includes\libraries\wp-async-request.php(147): ActionScheduler_AsyncRequest_QueueRunner->handle()
#11 C:\xampp\htdocs\shoeshop\wp-includes\class-wp-hook.php(303): WP_Async_Request->maybe_handle('')
#12 C:\xampp\htdocs\shoeshop\wp-includes\class-wp-hook.php(327): WP_Hook->apply_filters('', Array)
#13 C:\xampp\htdocs\shoeshop\wp-includes\plugin.php(470): WP_Hook->do_action(Array)
#14 C:\xampp\htdocs\shoeshop\wp-admin\admin-ajax.php(202): do_action('wp_ajax_nopriv_...')
#15 {main}
  thrown in C:\xampp\htdocs\shoeshop\wp-includes\class-wp-hook.php on line 303

2021-07-31T17:40:17+00:00 CRITICAL Uncaught Error: Unknown named parameter $tasks_meta_id in C:\xampp\htdocs\shoeshop\wp-includes\class-wp-hook.php:303
Stack trace:
#0 C:\xampp\htdocs\shoeshop\wp-includes\class-wp-hook.php(327): WP_Hook->apply_filters('', Array)
#1 C:\xampp\htdocs\shoeshop\wp-includes\plugin.php(518): WP_Hook->do_action(Array)
#2 C:\xampp\htdocs\shoeshop\wp-content\plugins\woocommerce\packages\action-scheduler\classes\actions\ActionScheduler_Action.php(22): do_action_ref_array('wpforms_email_s...', Array)
#3 C:\xampp\htdocs\shoeshop\wp-content\plugins\woocommerce\packages\action-scheduler\classes\abstracts\ActionScheduler_Abstract_QueueRunner.php(65): ActionScheduler_Action->execute()
#4 C:\xampp\htdocs\shoeshop\wp-content\plugins\woocommerce\packages\action-scheduler\classes\ActionScheduler_QueueRunner.php(162): ActionScheduler_Abstract_QueueRunner->process_action(1082, 'WP Cron')
#5 C:\xampp\htdocs\shoeshop\wp-content\plugins\woocommerce\packages\action-scheduler\classes\ActionScheduler_QueueRunner.php(132): ActionScheduler_QueueRunner->do_batch(25, 'WP Cron')
#6 C:\xampp\htdocs\shoeshop\wp-includes\class-wp-hook.php(303): ActionScheduler_QueueRunner->run('WP Cron')
#7 C:\xampp\htdocs\shoeshop\wp-includes\class-wp-hook.php(327): WP_Hook->apply_filters('', Array)
#8 C:\xampp\htdocs\shoeshop\wp-includes\plugin.php(518): WP_Hook->do_action(Array)
#9 C:\xampp\htdocs\shoeshop\wp-cron.php(138): do_action_ref_array('action_schedule...', Array)
#10 {main}
  thrown in C:\xampp\htdocs\shoeshop\wp-includes\class-wp-hook.php on line 303

