2021-08-05T14:18:21+00:00 CRITICAL Uncaught Error: Unknown named parameter $tasks_meta_id in C:\xampp\htdocs\shoeshop\wp-includes\class-wp-hook.php:303
Stack trace:
#0 C:\xampp\htdocs\shoeshop\wp-includes\class-wp-hook.php(327): WP_Hook->apply_filters('', Array)
#1 C:\xampp\htdocs\shoeshop\wp-includes\plugin.php(518): WP_Hook->do_action(Array)
#2 C:\xampp\htdocs\shoeshop\wp-content\plugins\woocommerce\packages\action-scheduler\classes\actions\ActionScheduler_Action.php(22): do_action_ref_array('wpforms_process...', Array)
#3 C:\xampp\htdocs\shoeshop\wp-content\plugins\woocommerce\packages\action-scheduler\classes\abstracts\ActionScheduler_Abstract_QueueRunner.php(65): ActionScheduler_Action->execute()
#4 C:\xampp\htdocs\shoeshop\wp-content\plugins\woocommerce\packages\action-scheduler\classes\ActionScheduler_QueueRunner.php(162): ActionScheduler_Abstract_QueueRunner->process_action(1083, 'Async Request')
#5 C:\xampp\htdocs\shoeshop\wp-content\plugins\woocommerce\packages\action-scheduler\classes\ActionScheduler_QueueRunner.php(132): ActionScheduler_QueueRunner->do_batch(25, 'Async Request')
#6 C:\xampp\htdocs\shoeshop\wp-includes\class-wp-hook.php(303): ActionScheduler_QueueRunner->run('Async Request')
#7 C:\xampp\htdocs\shoeshop\wp-includes\class-wp-hook.php(327): WP_Hook->apply_filters('', Array)
#8 C:\xampp\htdocs\shoeshop\wp-includes\plugin.php(470): WP_Hook->do_action(Array)
#9 C:\xampp\htdocs\shoeshop\wp-content\plugins\woocommerce\packages\action-scheduler\classes\ActionScheduler_AsyncRequest_QueueRunner.php(52): do_action('action_schedule...', 'Async Request')
#10 C:\xampp\htdocs\shoeshop\wp-content\plugins\woocommerce\includes\libraries\wp-async-request.php(147): ActionScheduler_AsyncRequest_QueueRunner->handle()
#11 C:\xampp\htdocs\shoeshop\wp-includes\class-wp-hook.php(303): WP_Async_Request->maybe_handle('')
#12 C:\xampp\htdocs\shoeshop\wp-includes\class-wp-hook.php(327): WP_Hook->apply_filters('', Array)
#13 C:\xampp\htdocs\shoeshop\wp-includes\plugin.php(470): WP_Hook->do_action(Array)
#14 C:\xampp\htdocs\shoeshop\wp-admin\admin-ajax.php(202): do_action('wp_ajax_nopriv_...')
#15 {main}
  thrown in C:\xampp\htdocs\shoeshop\wp-includes\class-wp-hook.php on line 303

2021-08-05T14:19:18+00:00 CRITICAL Uncaught Error: Unknown named parameter $tasks_meta_id in C:\xampp\htdocs\shoeshop\wp-includes\class-wp-hook.php:303
Stack trace:
#0 C:\xampp\htdocs\shoeshop\wp-includes\class-wp-hook.php(327): WP_Hook->apply_filters('', Array)
#1 C:\xampp\htdocs\shoeshop\wp-includes\plugin.php(518): WP_Hook->do_action(Array)
#2 C:\xampp\htdocs\shoeshop\wp-content\plugins\woocommerce\packages\action-scheduler\classes\actions\ActionScheduler_Action.php(22): do_action_ref_array('wpforms_admin_n...', Array)
#3 C:\xampp\htdocs\shoeshop\wp-content\plugins\woocommerce\packages\action-scheduler\classes\abstracts\ActionScheduler_Abstract_QueueRunner.php(65): ActionScheduler_Action->execute()
#4 C:\xampp\htdocs\shoeshop\wp-content\plugins\woocommerce\packages\action-scheduler\classes\ActionScheduler_QueueRunner.php(162): ActionScheduler_Abstract_QueueRunner->process_action(1088, 'WP Cron')
#5 C:\xampp\htdocs\shoeshop\wp-content\plugins\woocommerce\packages\action-scheduler\classes\ActionScheduler_QueueRunner.php(132): ActionScheduler_QueueRunner->do_batch(25, 'WP Cron')
#6 C:\xampp\htdocs\shoeshop\wp-includes\class-wp-hook.php(303): ActionScheduler_QueueRunner->run('WP Cron')
#7 C:\xampp\htdocs\shoeshop\wp-includes\class-wp-hook.php(327): WP_Hook->apply_filters('', Array)
#8 C:\xampp\htdocs\shoeshop\wp-includes\plugin.php(518): WP_Hook->do_action(Array)
#9 C:\xampp\htdocs\shoeshop\wp-cron.php(138): do_action_ref_array('action_schedule...', Array)
#10 {main}
  thrown in C:\xampp\htdocs\shoeshop\wp-includes\class-wp-hook.php on line 303

2021-08-05T14:19:33+00:00 CRITICAL Uncaught Error: Unknown named parameter $tasks_meta_id in C:\xampp\htdocs\shoeshop\wp-includes\class-wp-hook.php:303
Stack trace:
#0 C:\xampp\htdocs\shoeshop\wp-includes\class-wp-hook.php(327): WP_Hook->apply_filters('', Array)
#1 C:\xampp\htdocs\shoeshop\wp-includes\plugin.php(518): WP_Hook->do_action(Array)
#2 C:\xampp\htdocs\shoeshop\wp-content\plugins\woocommerce\packages\action-scheduler\classes\actions\ActionScheduler_Action.php(22): do_action_ref_array('wpforms_admin_n...', Array)
#3 C:\xampp\htdocs\shoeshop\wp-content\plugins\woocommerce\packages\action-scheduler\classes\abstracts\ActionScheduler_Abstract_QueueRunner.php(65): ActionScheduler_Action->execute()
#4 C:\xampp\htdocs\shoeshop\wp-content\plugins\woocommerce\packages\action-scheduler\classes\ActionScheduler_QueueRunner.php(162): ActionScheduler_Abstract_QueueRunner->process_action(1089, 'Async Request')
#5 C:\xampp\htdocs\shoeshop\wp-content\plugins\woocommerce\packages\action-scheduler\classes\ActionScheduler_QueueRunner.php(132): ActionScheduler_QueueRunner->do_batch(25, 'Async Request')
#6 C:\xampp\htdocs\shoeshop\wp-includes\class-wp-hook.php(303): ActionScheduler_QueueRunner->run('Async Request')
#7 C:\xampp\htdocs\shoeshop\wp-includes\class-wp-hook.php(327): WP_Hook->apply_filters('', Array)
#8 C:\xampp\htdocs\shoeshop\wp-includes\plugin.php(470): WP_Hook->do_action(Array)
#9 C:\xampp\htdocs\shoeshop\wp-content\plugins\woocommerce\packages\action-scheduler\classes\ActionScheduler_AsyncRequest_QueueRunner.php(52): do_action('action_schedule...', 'Async Request')
#10 C:\xampp\htdocs\shoeshop\wp-content\plugins\woocommerce\includes\libraries\wp-async-request.php(147): ActionScheduler_AsyncRequest_QueueRunner->handle()
#11 C:\xampp\htdocs\shoeshop\wp-includes\class-wp-hook.php(303): WP_Async_Request->maybe_handle('')
#12 C:\xampp\htdocs\shoeshop\wp-includes\class-wp-hook.php(327): WP_Hook->apply_filters('', Array)
#13 C:\xampp\htdocs\shoeshop\wp-includes\plugin.php(470): WP_Hook->do_action(Array)
#14 C:\xampp\htdocs\shoeshop\wp-admin\admin-ajax.php(187): do_action('wp_ajax_as_asyn...')
#15 {main}
  thrown in C:\xampp\htdocs\shoeshop\wp-includes\class-wp-hook.php on line 303

2021-08-05T14:19:48+00:00 CRITICAL Uncaught TypeError: call_user_func_array(): Argument #1 ($function) must be a valid callback, function "duplicator_global_scripts" not found or invalid function name in C:\xampp\htdocs\shoeshop\wp-includes\class-wp-hook.php:303
Stack trace:
#0 C:\xampp\htdocs\shoeshop\wp-includes\class-wp-hook.php(327): WP_Hook->apply_filters(NULL, Array)
#1 C:\xampp\htdocs\shoeshop\wp-includes\plugin.php(470): WP_Hook->do_action(Array)
#2 C:\xampp\htdocs\shoeshop\wp-includes\script-loader.php(2083): do_action('wp_enqueue_scri...')
#3 C:\xampp\htdocs\shoeshop\wp-includes\class-wp-hook.php(303): wp_enqueue_scripts('')
#4 C:\xampp\htdocs\shoeshop\wp-includes\class-wp-hook.php(327): WP_Hook->apply_filters(NULL, Array)
#5 C:\xampp\htdocs\shoeshop\wp-includes\plugin.php(470): WP_Hook->do_action(Array)
#6 C:\xampp\htdocs\shoeshop\wp-includes\general-template.php(3015): do_action('wp_head')
#7 C:\xampp\htdocs\shoeshop\wp-includes\blocks\legacy-widget.php(104): wp_head()
#8 C:\xampp\htdocs\shoeshop\wp-includes\class-wp-hook.php(303): handle_legacy_widget_preview_iframe('')
#9 C:\xampp\htdocs\shoeshop\wp-includes\class-wp-hook.php(327): WP_Hook->apply_filters(NULL, Array)
#10 C:\xampp\htdocs\shoeshop\wp-includes\plugin.php(470): WP_Hook->do_action(Array)
#11 C:\xampp\htdocs\shoeshop\wp-admin\admin.php(175): do_action('admin_init')
#12 C:\xampp\htdocs\shoeshop\wp-admin\widgets.php(10): require_once('C:\\xampp\\htdocs...')
#13 {main}
  thrown in C:\xampp\htdocs\shoeshop\wp-includes\class-wp-hook.php on line 303

2021-08-05T14:19:48+00:00 CRITICAL Uncaught TypeError: call_user_func_array(): Argument #1 ($function) must be a valid callback, function "duplicator_global_scripts" not found or invalid function name in C:\xampp\htdocs\shoeshop\wp-includes\class-wp-hook.php:303
Stack trace:
#0 C:\xampp\htdocs\shoeshop\wp-includes\class-wp-hook.php(327): WP_Hook->apply_filters(NULL, Array)
#1 C:\xampp\htdocs\shoeshop\wp-includes\plugin.php(470): WP_Hook->do_action(Array)
#2 C:\xampp\htdocs\shoeshop\wp-includes\script-loader.php(2083): do_action('wp_enqueue_scri...')
#3 C:\xampp\htdocs\shoeshop\wp-includes\class-wp-hook.php(303): wp_enqueue_scripts('')
#4 C:\xampp\htdocs\shoeshop\wp-includes\class-wp-hook.php(327): WP_Hook->apply_filters(NULL, Array)
#5 C:\xampp\htdocs\shoeshop\wp-includes\plugin.php(470): WP_Hook->do_action(Array)
#6 C:\xampp\htdocs\shoeshop\wp-includes\general-template.php(3015): do_action('wp_head')
#7 C:\xampp\htdocs\shoeshop\wp-includes\blocks\legacy-widget.php(104): wp_head()
#8 C:\xampp\htdocs\shoeshop\wp-includes\class-wp-hook.php(303): handle_legacy_widget_preview_iframe('')
#9 C:\xampp\htdocs\shoeshop\wp-includes\class-wp-hook.php(327): WP_Hook->apply_filters(NULL, Array)
#10 C:\xampp\htdocs\shoeshop\wp-includes\plugin.php(470): WP_Hook->do_action(Array)
#11 C:\xampp\htdocs\shoeshop\wp-admin\admin.php(175): do_action('admin_init')
#12 C:\xampp\htdocs\shoeshop\wp-admin\widgets.php(10): require_once('C:\\xampp\\htdocs...')
#13 {main}
  thrown in C:\xampp\htdocs\shoeshop\wp-includes\class-wp-hook.php on line 303

2021-08-05T14:19:48+00:00 CRITICAL Uncaught TypeError: call_user_func_array(): Argument #1 ($function) must be a valid callback, function "duplicator_global_scripts" not found or invalid function name in C:\xampp\htdocs\shoeshop\wp-includes\class-wp-hook.php:303
Stack trace:
#0 C:\xampp\htdocs\shoeshop\wp-includes\class-wp-hook.php(327): WP_Hook->apply_filters(NULL, Array)
#1 C:\xampp\htdocs\shoeshop\wp-includes\plugin.php(470): WP_Hook->do_action(Array)
#2 C:\xampp\htdocs\shoeshop\wp-includes\script-loader.php(2083): do_action('wp_enqueue_scri...')
#3 C:\xampp\htdocs\shoeshop\wp-includes\class-wp-hook.php(303): wp_enqueue_scripts('')
#4 C:\xampp\htdocs\shoeshop\wp-includes\class-wp-hook.php(327): WP_Hook->apply_filters(NULL, Array)
#5 C:\xampp\htdocs\shoeshop\wp-includes\plugin.php(470): WP_Hook->do_action(Array)
#6 C:\xampp\htdocs\shoeshop\wp-includes\general-template.php(3015): do_action('wp_head')
#7 C:\xampp\htdocs\shoeshop\wp-includes\blocks\legacy-widget.php(104): wp_head()
#8 C:\xampp\htdocs\shoeshop\wp-includes\class-wp-hook.php(303): handle_legacy_widget_preview_iframe('')
#9 C:\xampp\htdocs\shoeshop\wp-includes\class-wp-hook.php(327): WP_Hook->apply_filters(NULL, Array)
#10 C:\xampp\htdocs\shoeshop\wp-includes\plugin.php(470): WP_Hook->do_action(Array)
#11 C:\xampp\htdocs\shoeshop\wp-admin\admin.php(175): do_action('admin_init')
#12 C:\xampp\htdocs\shoeshop\wp-admin\widgets.php(10): require_once('C:\\xampp\\htdocs...')
#13 {main}
  thrown in C:\xampp\htdocs\shoeshop\wp-includes\class-wp-hook.php on line 303

2021-08-05T14:19:48+00:00 CRITICAL Uncaught TypeError: call_user_func_array(): Argument #1 ($function) must be a valid callback, function "duplicator_global_scripts" not found or invalid function name in C:\xampp\htdocs\shoeshop\wp-includes\class-wp-hook.php:303
Stack trace:
#0 C:\xampp\htdocs\shoeshop\wp-includes\class-wp-hook.php(327): WP_Hook->apply_filters(NULL, Array)
#1 C:\xampp\htdocs\shoeshop\wp-includes\plugin.php(470): WP_Hook->do_action(Array)
#2 C:\xampp\htdocs\shoeshop\wp-includes\script-loader.php(2083): do_action('wp_enqueue_scri...')
#3 C:\xampp\htdocs\shoeshop\wp-includes\class-wp-hook.php(303): wp_enqueue_scripts('')
#4 C:\xampp\htdocs\shoeshop\wp-includes\class-wp-hook.php(327): WP_Hook->apply_filters(NULL, Array)
#5 C:\xampp\htdocs\shoeshop\wp-includes\plugin.php(470): WP_Hook->do_action(Array)
#6 C:\xampp\htdocs\shoeshop\wp-includes\general-template.php(3015): do_action('wp_head')
#7 C:\xampp\htdocs\shoeshop\wp-includes\blocks\legacy-widget.php(104): wp_head()
#8 C:\xampp\htdocs\shoeshop\wp-includes\class-wp-hook.php(303): handle_legacy_widget_preview_iframe('')
#9 C:\xampp\htdocs\shoeshop\wp-includes\class-wp-hook.php(327): WP_Hook->apply_filters(NULL, Array)
#10 C:\xampp\htdocs\shoeshop\wp-includes\plugin.php(470): WP_Hook->do_action(Array)
#11 C:\xampp\htdocs\shoeshop\wp-admin\admin.php(175): do_action('admin_init')
#12 C:\xampp\htdocs\shoeshop\wp-admin\widgets.php(10): require_once('C:\\xampp\\htdocs...')
#13 {main}
  thrown in C:\xampp\htdocs\shoeshop\wp-includes\class-wp-hook.php on line 303

2021-08-05T14:19:49+00:00 CRITICAL Uncaught TypeError: call_user_func_array(): Argument #1 ($function) must be a valid callback, function "duplicator_global_scripts" not found or invalid function name in C:\xampp\htdocs\shoeshop\wp-includes\class-wp-hook.php:303
Stack trace:
#0 C:\xampp\htdocs\shoeshop\wp-includes\class-wp-hook.php(327): WP_Hook->apply_filters(NULL, Array)
#1 C:\xampp\htdocs\shoeshop\wp-includes\plugin.php(470): WP_Hook->do_action(Array)
#2 C:\xampp\htdocs\shoeshop\wp-includes\script-loader.php(2083): do_action('wp_enqueue_scri...')
#3 C:\xampp\htdocs\shoeshop\wp-includes\class-wp-hook.php(303): wp_enqueue_scripts('')
#4 C:\xampp\htdocs\shoeshop\wp-includes\class-wp-hook.php(327): WP_Hook->apply_filters(NULL, Array)
#5 C:\xampp\htdocs\shoeshop\wp-includes\plugin.php(470): WP_Hook->do_action(Array)
#6 C:\xampp\htdocs\shoeshop\wp-includes\general-template.php(3015): do_action('wp_head')
#7 C:\xampp\htdocs\shoeshop\wp-includes\blocks\legacy-widget.php(104): wp_head()
#8 C:\xampp\htdocs\shoeshop\wp-includes\class-wp-hook.php(303): handle_legacy_widget_preview_iframe('')
#9 C:\xampp\htdocs\shoeshop\wp-includes\class-wp-hook.php(327): WP_Hook->apply_filters(NULL, Array)
#10 C:\xampp\htdocs\shoeshop\wp-includes\plugin.php(470): WP_Hook->do_action(Array)
#11 C:\xampp\htdocs\shoeshop\wp-admin\admin.php(175): do_action('admin_init')
#12 C:\xampp\htdocs\shoeshop\wp-admin\widgets.php(10): require_once('C:\\xampp\\htdocs...')
#13 {main}
  thrown in C:\xampp\htdocs\shoeshop\wp-includes\class-wp-hook.php on line 303

2021-08-05T14:19:49+00:00 CRITICAL Uncaught TypeError: call_user_func_array(): Argument #1 ($function) must be a valid callback, function "duplicator_global_scripts" not found or invalid function name in C:\xampp\htdocs\shoeshop\wp-includes\class-wp-hook.php:303
Stack trace:
#0 C:\xampp\htdocs\shoeshop\wp-includes\class-wp-hook.php(327): WP_Hook->apply_filters(NULL, Array)
#1 C:\xampp\htdocs\shoeshop\wp-includes\plugin.php(470): WP_Hook->do_action(Array)
#2 C:\xampp\htdocs\shoeshop\wp-includes\script-loader.php(2083): do_action('wp_enqueue_scri...')
#3 C:\xampp\htdocs\shoeshop\wp-includes\class-wp-hook.php(303): wp_enqueue_scripts('')
#4 C:\xampp\htdocs\shoeshop\wp-includes\class-wp-hook.php(327): WP_Hook->apply_filters(NULL, Array)
#5 C:\xampp\htdocs\shoeshop\wp-includes\plugin.php(470): WP_Hook->do_action(Array)
#6 C:\xampp\htdocs\shoeshop\wp-includes\general-template.php(3015): do_action('wp_head')
#7 C:\xampp\htdocs\shoeshop\wp-includes\blocks\legacy-widget.php(104): wp_head()
#8 C:\xampp\htdocs\shoeshop\wp-includes\class-wp-hook.php(303): handle_legacy_widget_preview_iframe('')
#9 C:\xampp\htdocs\shoeshop\wp-includes\class-wp-hook.php(327): WP_Hook->apply_filters(NULL, Array)
#10 C:\xampp\htdocs\shoeshop\wp-includes\plugin.php(470): WP_Hook->do_action(Array)
#11 C:\xampp\htdocs\shoeshop\wp-admin\admin.php(175): do_action('admin_init')
#12 C:\xampp\htdocs\shoeshop\wp-admin\widgets.php(10): require_once('C:\\xampp\\htdocs...')
#13 {main}
  thrown in C:\xampp\htdocs\shoeshop\wp-includes\class-wp-hook.php on line 303

2021-08-05T14:19:49+00:00 CRITICAL Uncaught TypeError: call_user_func_array(): Argument #1 ($function) must be a valid callback, function "duplicator_global_scripts" not found or invalid function name in C:\xampp\htdocs\shoeshop\wp-includes\class-wp-hook.php:303
Stack trace:
#0 C:\xampp\htdocs\shoeshop\wp-includes\class-wp-hook.php(327): WP_Hook->apply_filters(NULL, Array)
#1 C:\xampp\htdocs\shoeshop\wp-includes\plugin.php(470): WP_Hook->do_action(Array)
#2 C:\xampp\htdocs\shoeshop\wp-includes\script-loader.php(2083): do_action('wp_enqueue_scri...')
#3 C:\xampp\htdocs\shoeshop\wp-includes\class-wp-hook.php(303): wp_enqueue_scripts('')
#4 C:\xampp\htdocs\shoeshop\wp-includes\class-wp-hook.php(327): WP_Hook->apply_filters(NULL, Array)
#5 C:\xampp\htdocs\shoeshop\wp-includes\plugin.php(470): WP_Hook->do_action(Array)
#6 C:\xampp\htdocs\shoeshop\wp-includes\general-template.php(3015): do_action('wp_head')
#7 C:\xampp\htdocs\shoeshop\wp-includes\blocks\legacy-widget.php(104): wp_head()
#8 C:\xampp\htdocs\shoeshop\wp-includes\class-wp-hook.php(303): handle_legacy_widget_preview_iframe('')
#9 C:\xampp\htdocs\shoeshop\wp-includes\class-wp-hook.php(327): WP_Hook->apply_filters(NULL, Array)
#10 C:\xampp\htdocs\shoeshop\wp-includes\plugin.php(470): WP_Hook->do_action(Array)
#11 C:\xampp\htdocs\shoeshop\wp-admin\admin.php(175): do_action('admin_init')
#12 C:\xampp\htdocs\shoeshop\wp-admin\widgets.php(10): require_once('C:\\xampp\\htdocs...')
#13 {main}
  thrown in C:\xampp\htdocs\shoeshop\wp-includes\class-wp-hook.php on line 303

2021-08-05T14:19:50+00:00 CRITICAL Uncaught TypeError: call_user_func_array(): Argument #1 ($function) must be a valid callback, function "duplicator_global_scripts" not found or invalid function name in C:\xampp\htdocs\shoeshop\wp-includes\class-wp-hook.php:303
Stack trace:
#0 C:\xampp\htdocs\shoeshop\wp-includes\class-wp-hook.php(327): WP_Hook->apply_filters(NULL, Array)
#1 C:\xampp\htdocs\shoeshop\wp-includes\plugin.php(470): WP_Hook->do_action(Array)
#2 C:\xampp\htdocs\shoeshop\wp-includes\script-loader.php(2083): do_action('wp_enqueue_scri...')
#3 C:\xampp\htdocs\shoeshop\wp-includes\class-wp-hook.php(303): wp_enqueue_scripts('')
#4 C:\xampp\htdocs\shoeshop\wp-includes\class-wp-hook.php(327): WP_Hook->apply_filters(NULL, Array)
#5 C:\xampp\htdocs\shoeshop\wp-includes\plugin.php(470): WP_Hook->do_action(Array)
#6 C:\xampp\htdocs\shoeshop\wp-includes\general-template.php(3015): do_action('wp_head')
#7 C:\xampp\htdocs\shoeshop\wp-includes\blocks\legacy-widget.php(104): wp_head()
#8 C:\xampp\htdocs\shoeshop\wp-includes\class-wp-hook.php(303): handle_legacy_widget_preview_iframe('')
#9 C:\xampp\htdocs\shoeshop\wp-includes\class-wp-hook.php(327): WP_Hook->apply_filters(NULL, Array)
#10 C:\xampp\htdocs\shoeshop\wp-includes\plugin.php(470): WP_Hook->do_action(Array)
#11 C:\xampp\htdocs\shoeshop\wp-admin\admin.php(175): do_action('admin_init')
#12 C:\xampp\htdocs\shoeshop\wp-admin\widgets.php(10): require_once('C:\\xampp\\htdocs...')
#13 {main}
  thrown in C:\xampp\htdocs\shoeshop\wp-includes\class-wp-hook.php on line 303

2021-08-05T14:19:50+00:00 CRITICAL Uncaught TypeError: call_user_func_array(): Argument #1 ($function) must be a valid callback, function "duplicator_global_scripts" not found or invalid function name in C:\xampp\htdocs\shoeshop\wp-includes\class-wp-hook.php:303
Stack trace:
#0 C:\xampp\htdocs\shoeshop\wp-includes\class-wp-hook.php(327): WP_Hook->apply_filters(NULL, Array)
#1 C:\xampp\htdocs\shoeshop\wp-includes\plugin.php(470): WP_Hook->do_action(Array)
#2 C:\xampp\htdocs\shoeshop\wp-includes\script-loader.php(2083): do_action('wp_enqueue_scri...')
#3 C:\xampp\htdocs\shoeshop\wp-includes\class-wp-hook.php(303): wp_enqueue_scripts('')
#4 C:\xampp\htdocs\shoeshop\wp-includes\class-wp-hook.php(327): WP_Hook->apply_filters(NULL, Array)
#5 C:\xampp\htdocs\shoeshop\wp-includes\plugin.php(470): WP_Hook->do_action(Array)
#6 C:\xampp\htdocs\shoeshop\wp-includes\general-template.php(3015): do_action('wp_head')
#7 C:\xampp\htdocs\shoeshop\wp-includes\blocks\legacy-widget.php(104): wp_head()
#8 C:\xampp\htdocs\shoeshop\wp-includes\class-wp-hook.php(303): handle_legacy_widget_preview_iframe('')
#9 C:\xampp\htdocs\shoeshop\wp-includes\class-wp-hook.php(327): WP_Hook->apply_filters(NULL, Array)
#10 C:\xampp\htdocs\shoeshop\wp-includes\plugin.php(470): WP_Hook->do_action(Array)
#11 C:\xampp\htdocs\shoeshop\wp-admin\admin.php(175): do_action('admin_init')
#12 C:\xampp\htdocs\shoeshop\wp-admin\widgets.php(10): require_once('C:\\xampp\\htdocs...')
#13 {main}
  thrown in C:\xampp\htdocs\shoeshop\wp-includes\class-wp-hook.php on line 303

2021-08-05T14:19:50+00:00 CRITICAL Uncaught TypeError: call_user_func_array(): Argument #1 ($function) must be a valid callback, function "duplicator_global_scripts" not found or invalid function name in C:\xampp\htdocs\shoeshop\wp-includes\class-wp-hook.php:303
Stack trace:
#0 C:\xampp\htdocs\shoeshop\wp-includes\class-wp-hook.php(327): WP_Hook->apply_filters(NULL, Array)
#1 C:\xampp\htdocs\shoeshop\wp-includes\plugin.php(470): WP_Hook->do_action(Array)
#2 C:\xampp\htdocs\shoeshop\wp-includes\script-loader.php(2083): do_action('wp_enqueue_scri...')
#3 C:\xampp\htdocs\shoeshop\wp-includes\class-wp-hook.php(303): wp_enqueue_scripts('')
#4 C:\xampp\htdocs\shoeshop\wp-includes\class-wp-hook.php(327): WP_Hook->apply_filters(NULL, Array)
#5 C:\xampp\htdocs\shoeshop\wp-includes\plugin.php(470): WP_Hook->do_action(Array)
#6 C:\xampp\htdocs\shoeshop\wp-includes\general-template.php(3015): do_action('wp_head')
#7 C:\xampp\htdocs\shoeshop\wp-includes\blocks\legacy-widget.php(104): wp_head()
#8 C:\xampp\htdocs\shoeshop\wp-includes\class-wp-hook.php(303): handle_legacy_widget_preview_iframe('')
#9 C:\xampp\htdocs\shoeshop\wp-includes\class-wp-hook.php(327): WP_Hook->apply_filters(NULL, Array)
#10 C:\xampp\htdocs\shoeshop\wp-includes\plugin.php(470): WP_Hook->do_action(Array)
#11 C:\xampp\htdocs\shoeshop\wp-admin\admin.php(175): do_action('admin_init')
#12 C:\xampp\htdocs\shoeshop\wp-admin\widgets.php(10): require_once('C:\\xampp\\htdocs...')
#13 {main}
  thrown in C:\xampp\htdocs\shoeshop\wp-includes\class-wp-hook.php on line 303

2021-08-05T14:19:50+00:00 CRITICAL Uncaught TypeError: call_user_func_array(): Argument #1 ($function) must be a valid callback, function "duplicator_global_scripts" not found or invalid function name in C:\xampp\htdocs\shoeshop\wp-includes\class-wp-hook.php:303
Stack trace:
#0 C:\xampp\htdocs\shoeshop\wp-includes\class-wp-hook.php(327): WP_Hook->apply_filters(NULL, Array)
#1 C:\xampp\htdocs\shoeshop\wp-includes\plugin.php(470): WP_Hook->do_action(Array)
#2 C:\xampp\htdocs\shoeshop\wp-includes\script-loader.php(2083): do_action('wp_enqueue_scri...')
#3 C:\xampp\htdocs\shoeshop\wp-includes\class-wp-hook.php(303): wp_enqueue_scripts('')
#4 C:\xampp\htdocs\shoeshop\wp-includes\class-wp-hook.php(327): WP_Hook->apply_filters(NULL, Array)
#5 C:\xampp\htdocs\shoeshop\wp-includes\plugin.php(470): WP_Hook->do_action(Array)
#6 C:\xampp\htdocs\shoeshop\wp-includes\general-template.php(3015): do_action('wp_head')
#7 C:\xampp\htdocs\shoeshop\wp-includes\blocks\legacy-widget.php(104): wp_head()
#8 C:\xampp\htdocs\shoeshop\wp-includes\class-wp-hook.php(303): handle_legacy_widget_preview_iframe('')
#9 C:\xampp\htdocs\shoeshop\wp-includes\class-wp-hook.php(327): WP_Hook->apply_filters(NULL, Array)
#10 C:\xampp\htdocs\shoeshop\wp-includes\plugin.php(470): WP_Hook->do_action(Array)
#11 C:\xampp\htdocs\shoeshop\wp-admin\admin.php(175): do_action('admin_init')
#12 C:\xampp\htdocs\shoeshop\wp-admin\widgets.php(10): require_once('C:\\xampp\\htdocs...')
#13 {main}
  thrown in C:\xampp\htdocs\shoeshop\wp-includes\class-wp-hook.php on line 303

2021-08-05T14:19:51+00:00 CRITICAL Uncaught TypeError: call_user_func_array(): Argument #1 ($function) must be a valid callback, function "duplicator_global_scripts" not found or invalid function name in C:\xampp\htdocs\shoeshop\wp-includes\class-wp-hook.php:303
Stack trace:
#0 C:\xampp\htdocs\shoeshop\wp-includes\class-wp-hook.php(327): WP_Hook->apply_filters(NULL, Array)
#1 C:\xampp\htdocs\shoeshop\wp-includes\plugin.php(470): WP_Hook->do_action(Array)
#2 C:\xampp\htdocs\shoeshop\wp-includes\script-loader.php(2083): do_action('wp_enqueue_scri...')
#3 C:\xampp\htdocs\shoeshop\wp-includes\class-wp-hook.php(303): wp_enqueue_scripts('')
#4 C:\xampp\htdocs\shoeshop\wp-includes\class-wp-hook.php(327): WP_Hook->apply_filters(NULL, Array)
#5 C:\xampp\htdocs\shoeshop\wp-includes\plugin.php(470): WP_Hook->do_action(Array)
#6 C:\xampp\htdocs\shoeshop\wp-includes\general-template.php(3015): do_action('wp_head')
#7 C:\xampp\htdocs\shoeshop\wp-includes\blocks\legacy-widget.php(104): wp_head()
#8 C:\xampp\htdocs\shoeshop\wp-includes\class-wp-hook.php(303): handle_legacy_widget_preview_iframe('')
#9 C:\xampp\htdocs\shoeshop\wp-includes\class-wp-hook.php(327): WP_Hook->apply_filters(NULL, Array)
#10 C:\xampp\htdocs\shoeshop\wp-includes\plugin.php(470): WP_Hook->do_action(Array)
#11 C:\xampp\htdocs\shoeshop\wp-admin\admin.php(175): do_action('admin_init')
#12 C:\xampp\htdocs\shoeshop\wp-admin\widgets.php(10): require_once('C:\\xampp\\htdocs...')
#13 {main}
  thrown in C:\xampp\htdocs\shoeshop\wp-includes\class-wp-hook.php on line 303

2021-08-05T14:19:52+00:00 CRITICAL Uncaught TypeError: call_user_func_array(): Argument #1 ($function) must be a valid callback, function "duplicator_global_scripts" not found or invalid function name in C:\xampp\htdocs\shoeshop\wp-includes\class-wp-hook.php:303
Stack trace:
#0 C:\xampp\htdocs\shoeshop\wp-includes\class-wp-hook.php(327): WP_Hook->apply_filters(NULL, Array)
#1 C:\xampp\htdocs\shoeshop\wp-includes\plugin.php(470): WP_Hook->do_action(Array)
#2 C:\xampp\htdocs\shoeshop\wp-includes\script-loader.php(2083): do_action('wp_enqueue_scri...')
#3 C:\xampp\htdocs\shoeshop\wp-includes\class-wp-hook.php(303): wp_enqueue_scripts('')
#4 C:\xampp\htdocs\shoeshop\wp-includes\class-wp-hook.php(327): WP_Hook->apply_filters(NULL, Array)
#5 C:\xampp\htdocs\shoeshop\wp-includes\plugin.php(470): WP_Hook->do_action(Array)
#6 C:\xampp\htdocs\shoeshop\wp-includes\general-template.php(3015): do_action('wp_head')
#7 C:\xampp\htdocs\shoeshop\wp-includes\blocks\legacy-widget.php(104): wp_head()
#8 C:\xampp\htdocs\shoeshop\wp-includes\class-wp-hook.php(303): handle_legacy_widget_preview_iframe('')
#9 C:\xampp\htdocs\shoeshop\wp-includes\class-wp-hook.php(327): WP_Hook->apply_filters(NULL, Array)
#10 C:\xampp\htdocs\shoeshop\wp-includes\plugin.php(470): WP_Hook->do_action(Array)
#11 C:\xampp\htdocs\shoeshop\wp-admin\admin.php(175): do_action('admin_init')
#12 C:\xampp\htdocs\shoeshop\wp-admin\widgets.php(10): require_once('C:\\xampp\\htdocs...')
#13 {main}
  thrown in C:\xampp\htdocs\shoeshop\wp-includes\class-wp-hook.php on line 303

2021-08-05T14:19:52+00:00 CRITICAL Uncaught TypeError: call_user_func_array(): Argument #1 ($function) must be a valid callback, function "duplicator_global_scripts" not found or invalid function name in C:\xampp\htdocs\shoeshop\wp-includes\class-wp-hook.php:303
Stack trace:
#0 C:\xampp\htdocs\shoeshop\wp-includes\class-wp-hook.php(327): WP_Hook->apply_filters(NULL, Array)
#1 C:\xampp\htdocs\shoeshop\wp-includes\plugin.php(470): WP_Hook->do_action(Array)
#2 C:\xampp\htdocs\shoeshop\wp-includes\script-loader.php(2083): do_action('wp_enqueue_scri...')
#3 C:\xampp\htdocs\shoeshop\wp-includes\class-wp-hook.php(303): wp_enqueue_scripts('')
#4 C:\xampp\htdocs\shoeshop\wp-includes\class-wp-hook.php(327): WP_Hook->apply_filters(NULL, Array)
#5 C:\xampp\htdocs\shoeshop\wp-includes\plugin.php(470): WP_Hook->do_action(Array)
#6 C:\xampp\htdocs\shoeshop\wp-includes\general-template.php(3015): do_action('wp_head')
#7 C:\xampp\htdocs\shoeshop\wp-includes\blocks\legacy-widget.php(104): wp_head()
#8 C:\xampp\htdocs\shoeshop\wp-includes\class-wp-hook.php(303): handle_legacy_widget_preview_iframe('')
#9 C:\xampp\htdocs\shoeshop\wp-includes\class-wp-hook.php(327): WP_Hook->apply_filters(NULL, Array)
#10 C:\xampp\htdocs\shoeshop\wp-includes\plugin.php(470): WP_Hook->do_action(Array)
#11 C:\xampp\htdocs\shoeshop\wp-admin\admin.php(175): do_action('admin_init')
#12 C:\xampp\htdocs\shoeshop\wp-admin\widgets.php(10): require_once('C:\\xampp\\htdocs...')
#13 {main}
  thrown in C:\xampp\htdocs\shoeshop\wp-includes\class-wp-hook.php on line 303

2021-08-05T14:19:52+00:00 CRITICAL Uncaught TypeError: call_user_func_array(): Argument #1 ($function) must be a valid callback, function "duplicator_global_scripts" not found or invalid function name in C:\xampp\htdocs\shoeshop\wp-includes\class-wp-hook.php:303
Stack trace:
#0 C:\xampp\htdocs\shoeshop\wp-includes\class-wp-hook.php(327): WP_Hook->apply_filters(NULL, Array)
#1 C:\xampp\htdocs\shoeshop\wp-includes\plugin.php(470): WP_Hook->do_action(Array)
#2 C:\xampp\htdocs\shoeshop\wp-includes\script-loader.php(2083): do_action('wp_enqueue_scri...')
#3 C:\xampp\htdocs\shoeshop\wp-includes\class-wp-hook.php(303): wp_enqueue_scripts('')
#4 C:\xampp\htdocs\shoeshop\wp-includes\class-wp-hook.php(327): WP_Hook->apply_filters(NULL, Array)
#5 C:\xampp\htdocs\shoeshop\wp-includes\plugin.php(470): WP_Hook->do_action(Array)
#6 C:\xampp\htdocs\shoeshop\wp-includes\general-template.php(3015): do_action('wp_head')
#7 C:\xampp\htdocs\shoeshop\wp-includes\blocks\legacy-widget.php(104): wp_head()
#8 C:\xampp\htdocs\shoeshop\wp-includes\class-wp-hook.php(303): handle_legacy_widget_preview_iframe('')
#9 C:\xampp\htdocs\shoeshop\wp-includes\class-wp-hook.php(327): WP_Hook->apply_filters(NULL, Array)
#10 C:\xampp\htdocs\shoeshop\wp-includes\plugin.php(470): WP_Hook->do_action(Array)
#11 C:\xampp\htdocs\shoeshop\wp-admin\admin.php(175): do_action('admin_init')
#12 C:\xampp\htdocs\shoeshop\wp-admin\widgets.php(10): require_once('C:\\xampp\\htdocs...')
#13 {main}
  thrown in C:\xampp\htdocs\shoeshop\wp-includes\class-wp-hook.php on line 303

2021-08-05T14:19:52+00:00 CRITICAL Uncaught TypeError: call_user_func_array(): Argument #1 ($function) must be a valid callback, function "duplicator_global_scripts" not found or invalid function name in C:\xampp\htdocs\shoeshop\wp-includes\class-wp-hook.php:303
Stack trace:
#0 C:\xampp\htdocs\shoeshop\wp-includes\class-wp-hook.php(327): WP_Hook->apply_filters(NULL, Array)
#1 C:\xampp\htdocs\shoeshop\wp-includes\plugin.php(470): WP_Hook->do_action(Array)
#2 C:\xampp\htdocs\shoeshop\wp-includes\script-loader.php(2083): do_action('wp_enqueue_scri...')
#3 C:\xampp\htdocs\shoeshop\wp-includes\class-wp-hook.php(303): wp_enqueue_scripts('')
#4 C:\xampp\htdocs\shoeshop\wp-includes\class-wp-hook.php(327): WP_Hook->apply_filters(NULL, Array)
#5 C:\xampp\htdocs\shoeshop\wp-includes\plugin.php(470): WP_Hook->do_action(Array)
#6 C:\xampp\htdocs\shoeshop\wp-includes\general-template.php(3015): do_action('wp_head')
#7 C:\xampp\htdocs\shoeshop\wp-includes\blocks\legacy-widget.php(104): wp_head()
#8 C:\xampp\htdocs\shoeshop\wp-includes\class-wp-hook.php(303): handle_legacy_widget_preview_iframe('')
#9 C:\xampp\htdocs\shoeshop\wp-includes\class-wp-hook.php(327): WP_Hook->apply_filters(NULL, Array)
#10 C:\xampp\htdocs\shoeshop\wp-includes\plugin.php(470): WP_Hook->do_action(Array)
#11 C:\xampp\htdocs\shoeshop\wp-admin\admin.php(175): do_action('admin_init')
#12 C:\xampp\htdocs\shoeshop\wp-admin\widgets.php(10): require_once('C:\\xampp\\htdocs...')
#13 {main}
  thrown in C:\xampp\htdocs\shoeshop\wp-includes\class-wp-hook.php on line 303

2021-08-05T14:19:53+00:00 CRITICAL Uncaught TypeError: call_user_func_array(): Argument #1 ($function) must be a valid callback, function "duplicator_global_scripts" not found or invalid function name in C:\xampp\htdocs\shoeshop\wp-includes\class-wp-hook.php:303
Stack trace:
#0 C:\xampp\htdocs\shoeshop\wp-includes\class-wp-hook.php(327): WP_Hook->apply_filters(NULL, Array)
#1 C:\xampp\htdocs\shoeshop\wp-includes\plugin.php(470): WP_Hook->do_action(Array)
#2 C:\xampp\htdocs\shoeshop\wp-includes\script-loader.php(2083): do_action('wp_enqueue_scri...')
#3 C:\xampp\htdocs\shoeshop\wp-includes\class-wp-hook.php(303): wp_enqueue_scripts('')
#4 C:\xampp\htdocs\shoeshop\wp-includes\class-wp-hook.php(327): WP_Hook->apply_filters(NULL, Array)
#5 C:\xampp\htdocs\shoeshop\wp-includes\plugin.php(470): WP_Hook->do_action(Array)
#6 C:\xampp\htdocs\shoeshop\wp-includes\general-template.php(3015): do_action('wp_head')
#7 C:\xampp\htdocs\shoeshop\wp-includes\blocks\legacy-widget.php(104): wp_head()
#8 C:\xampp\htdocs\shoeshop\wp-includes\class-wp-hook.php(303): handle_legacy_widget_preview_iframe('')
#9 C:\xampp\htdocs\shoeshop\wp-includes\class-wp-hook.php(327): WP_Hook->apply_filters(NULL, Array)
#10 C:\xampp\htdocs\shoeshop\wp-includes\plugin.php(470): WP_Hook->do_action(Array)
#11 C:\xampp\htdocs\shoeshop\wp-admin\admin.php(175): do_action('admin_init')
#12 C:\xampp\htdocs\shoeshop\wp-admin\widgets.php(10): require_once('C:\\xampp\\htdocs...')
#13 {main}
  thrown in C:\xampp\htdocs\shoeshop\wp-includes\class-wp-hook.php on line 303

2021-08-05T14:19:53+00:00 CRITICAL Uncaught TypeError: call_user_func_array(): Argument #1 ($function) must be a valid callback, function "duplicator_global_scripts" not found or invalid function name in C:\xampp\htdocs\shoeshop\wp-includes\class-wp-hook.php:303
Stack trace:
#0 C:\xampp\htdocs\shoeshop\wp-includes\class-wp-hook.php(327): WP_Hook->apply_filters(NULL, Array)
#1 C:\xampp\htdocs\shoeshop\wp-includes\plugin.php(470): WP_Hook->do_action(Array)
#2 C:\xampp\htdocs\shoeshop\wp-includes\script-loader.php(2083): do_action('wp_enqueue_scri...')
#3 C:\xampp\htdocs\shoeshop\wp-includes\class-wp-hook.php(303): wp_enqueue_scripts('')
#4 C:\xampp\htdocs\shoeshop\wp-includes\class-wp-hook.php(327): WP_Hook->apply_filters(NULL, Array)
#5 C:\xampp\htdocs\shoeshop\wp-includes\plugin.php(470): WP_Hook->do_action(Array)
#6 C:\xampp\htdocs\shoeshop\wp-includes\general-template.php(3015): do_action('wp_head')
#7 C:\xampp\htdocs\shoeshop\wp-includes\blocks\legacy-widget.php(104): wp_head()
#8 C:\xampp\htdocs\shoeshop\wp-includes\class-wp-hook.php(303): handle_legacy_widget_preview_iframe('')
#9 C:\xampp\htdocs\shoeshop\wp-includes\class-wp-hook.php(327): WP_Hook->apply_filters(NULL, Array)
#10 C:\xampp\htdocs\shoeshop\wp-includes\plugin.php(470): WP_Hook->do_action(Array)
#11 C:\xampp\htdocs\shoeshop\wp-admin\admin.php(175): do_action('admin_init')
#12 C:\xampp\htdocs\shoeshop\wp-admin\widgets.php(10): require_once('C:\\xampp\\htdocs...')
#13 {main}
  thrown in C:\xampp\htdocs\shoeshop\wp-includes\class-wp-hook.php on line 303

2021-08-05T14:19:54+00:00 CRITICAL Uncaught TypeError: call_user_func_array(): Argument #1 ($function) must be a valid callback, function "duplicator_global_scripts" not found or invalid function name in C:\xampp\htdocs\shoeshop\wp-includes\class-wp-hook.php:303
Stack trace:
#0 C:\xampp\htdocs\shoeshop\wp-includes\class-wp-hook.php(327): WP_Hook->apply_filters(NULL, Array)
#1 C:\xampp\htdocs\shoeshop\wp-includes\plugin.php(470): WP_Hook->do_action(Array)
#2 C:\xampp\htdocs\shoeshop\wp-includes\script-loader.php(2083): do_action('wp_enqueue_scri...')
#3 C:\xampp\htdocs\shoeshop\wp-includes\class-wp-hook.php(303): wp_enqueue_scripts('')
#4 C:\xampp\htdocs\shoeshop\wp-includes\class-wp-hook.php(327): WP_Hook->apply_filters(NULL, Array)
#5 C:\xampp\htdocs\shoeshop\wp-includes\plugin.php(470): WP_Hook->do_action(Array)
#6 C:\xampp\htdocs\shoeshop\wp-includes\general-template.php(3015): do_action('wp_head')
#7 C:\xampp\htdocs\shoeshop\wp-includes\blocks\legacy-widget.php(104): wp_head()
#8 C:\xampp\htdocs\shoeshop\wp-includes\class-wp-hook.php(303): handle_legacy_widget_preview_iframe('')
#9 C:\xampp\htdocs\shoeshop\wp-includes\class-wp-hook.php(327): WP_Hook->apply_filters(NULL, Array)
#10 C:\xampp\htdocs\shoeshop\wp-includes\plugin.php(470): WP_Hook->do_action(Array)
#11 C:\xampp\htdocs\shoeshop\wp-admin\admin.php(175): do_action('admin_init')
#12 C:\xampp\htdocs\shoeshop\wp-admin\widgets.php(10): require_once('C:\\xampp\\htdocs...')
#13 {main}
  thrown in C:\xampp\htdocs\shoeshop\wp-includes\class-wp-hook.php on line 303

2021-08-05T14:19:55+00:00 CRITICAL Uncaught TypeError: call_user_func_array(): Argument #1 ($function) must be a valid callback, function "duplicator_global_scripts" not found or invalid function name in C:\xampp\htdocs\shoeshop\wp-includes\class-wp-hook.php:303
Stack trace:
#0 C:\xampp\htdocs\shoeshop\wp-includes\class-wp-hook.php(327): WP_Hook->apply_filters(NULL, Array)
#1 C:\xampp\htdocs\shoeshop\wp-includes\plugin.php(470): WP_Hook->do_action(Array)
#2 C:\xampp\htdocs\shoeshop\wp-includes\script-loader.php(2083): do_action('wp_enqueue_scri...')
#3 C:\xampp\htdocs\shoeshop\wp-includes\class-wp-hook.php(303): wp_enqueue_scripts('')
#4 C:\xampp\htdocs\shoeshop\wp-includes\class-wp-hook.php(327): WP_Hook->apply_filters(NULL, Array)
#5 C:\xampp\htdocs\shoeshop\wp-includes\plugin.php(470): WP_Hook->do_action(Array)
#6 C:\xampp\htdocs\shoeshop\wp-includes\general-template.php(3015): do_action('wp_head')
#7 C:\xampp\htdocs\shoeshop\wp-includes\blocks\legacy-widget.php(104): wp_head()
#8 C:\xampp\htdocs\shoeshop\wp-includes\class-wp-hook.php(303): handle_legacy_widget_preview_iframe('')
#9 C:\xampp\htdocs\shoeshop\wp-includes\class-wp-hook.php(327): WP_Hook->apply_filters(NULL, Array)
#10 C:\xampp\htdocs\shoeshop\wp-includes\plugin.php(470): WP_Hook->do_action(Array)
#11 C:\xampp\htdocs\shoeshop\wp-admin\admin.php(175): do_action('admin_init')
#12 C:\xampp\htdocs\shoeshop\wp-admin\widgets.php(10): require_once('C:\\xampp\\htdocs...')
#13 {main}
  thrown in C:\xampp\htdocs\shoeshop\wp-includes\class-wp-hook.php on line 303

2021-08-05T14:19:55+00:00 CRITICAL Uncaught TypeError: call_user_func_array(): Argument #1 ($function) must be a valid callback, function "duplicator_global_scripts" not found or invalid function name in C:\xampp\htdocs\shoeshop\wp-includes\class-wp-hook.php:303
Stack trace:
#0 C:\xampp\htdocs\shoeshop\wp-includes\class-wp-hook.php(327): WP_Hook->apply_filters(NULL, Array)
#1 C:\xampp\htdocs\shoeshop\wp-includes\plugin.php(470): WP_Hook->do_action(Array)
#2 C:\xampp\htdocs\shoeshop\wp-includes\script-loader.php(2083): do_action('wp_enqueue_scri...')
#3 C:\xampp\htdocs\shoeshop\wp-includes\class-wp-hook.php(303): wp_enqueue_scripts('')
#4 C:\xampp\htdocs\shoeshop\wp-includes\class-wp-hook.php(327): WP_Hook->apply_filters(NULL, Array)
#5 C:\xampp\htdocs\shoeshop\wp-includes\plugin.php(470): WP_Hook->do_action(Array)
#6 C:\xampp\htdocs\shoeshop\wp-includes\general-template.php(3015): do_action('wp_head')
#7 C:\xampp\htdocs\shoeshop\wp-includes\blocks\legacy-widget.php(104): wp_head()
#8 C:\xampp\htdocs\shoeshop\wp-includes\class-wp-hook.php(303): handle_legacy_widget_preview_iframe('')
#9 C:\xampp\htdocs\shoeshop\wp-includes\class-wp-hook.php(327): WP_Hook->apply_filters(NULL, Array)
#10 C:\xampp\htdocs\shoeshop\wp-includes\plugin.php(470): WP_Hook->do_action(Array)
#11 C:\xampp\htdocs\shoeshop\wp-admin\admin.php(175): do_action('admin_init')
#12 C:\xampp\htdocs\shoeshop\wp-admin\widgets.php(10): require_once('C:\\xampp\\htdocs...')
#13 {main}
  thrown in C:\xampp\htdocs\shoeshop\wp-includes\class-wp-hook.php on line 303

2021-08-05T14:19:55+00:00 CRITICAL Uncaught TypeError: call_user_func_array(): Argument #1 ($function) must be a valid callback, function "duplicator_global_scripts" not found or invalid function name in C:\xampp\htdocs\shoeshop\wp-includes\class-wp-hook.php:303
Stack trace:
#0 C:\xampp\htdocs\shoeshop\wp-includes\class-wp-hook.php(327): WP_Hook->apply_filters(NULL, Array)
#1 C:\xampp\htdocs\shoeshop\wp-includes\plugin.php(470): WP_Hook->do_action(Array)
#2 C:\xampp\htdocs\shoeshop\wp-includes\script-loader.php(2083): do_action('wp_enqueue_scri...')
#3 C:\xampp\htdocs\shoeshop\wp-includes\class-wp-hook.php(303): wp_enqueue_scripts('')
#4 C:\xampp\htdocs\shoeshop\wp-includes\class-wp-hook.php(327): WP_Hook->apply_filters(NULL, Array)
#5 C:\xampp\htdocs\shoeshop\wp-includes\plugin.php(470): WP_Hook->do_action(Array)
#6 C:\xampp\htdocs\shoeshop\wp-includes\general-template.php(3015): do_action('wp_head')
#7 C:\xampp\htdocs\shoeshop\wp-includes\blocks\legacy-widget.php(104): wp_head()
#8 C:\xampp\htdocs\shoeshop\wp-includes\class-wp-hook.php(303): handle_legacy_widget_preview_iframe('')
#9 C:\xampp\htdocs\shoeshop\wp-includes\class-wp-hook.php(327): WP_Hook->apply_filters(NULL, Array)
#10 C:\xampp\htdocs\shoeshop\wp-includes\plugin.php(470): WP_Hook->do_action(Array)
#11 C:\xampp\htdocs\shoeshop\wp-admin\admin.php(175): do_action('admin_init')
#12 C:\xampp\htdocs\shoeshop\wp-admin\widgets.php(10): require_once('C:\\xampp\\htdocs...')
#13 {main}
  thrown in C:\xampp\htdocs\shoeshop\wp-includes\class-wp-hook.php on line 303

2021-08-05T14:19:55+00:00 CRITICAL Uncaught TypeError: call_user_func_array(): Argument #1 ($function) must be a valid callback, function "duplicator_global_scripts" not found or invalid function name in C:\xampp\htdocs\shoeshop\wp-includes\class-wp-hook.php:303
Stack trace:
#0 C:\xampp\htdocs\shoeshop\wp-includes\class-wp-hook.php(327): WP_Hook->apply_filters(NULL, Array)
#1 C:\xampp\htdocs\shoeshop\wp-includes\plugin.php(470): WP_Hook->do_action(Array)
#2 C:\xampp\htdocs\shoeshop\wp-includes\script-loader.php(2083): do_action('wp_enqueue_scri...')
#3 C:\xampp\htdocs\shoeshop\wp-includes\class-wp-hook.php(303): wp_enqueue_scripts('')
#4 C:\xampp\htdocs\shoeshop\wp-includes\class-wp-hook.php(327): WP_Hook->apply_filters(NULL, Array)
#5 C:\xampp\htdocs\shoeshop\wp-includes\plugin.php(470): WP_Hook->do_action(Array)
#6 C:\xampp\htdocs\shoeshop\wp-includes\general-template.php(3015): do_action('wp_head')
#7 C:\xampp\htdocs\shoeshop\wp-includes\blocks\legacy-widget.php(104): wp_head()
#8 C:\xampp\htdocs\shoeshop\wp-includes\class-wp-hook.php(303): handle_legacy_widget_preview_iframe('')
#9 C:\xampp\htdocs\shoeshop\wp-includes\class-wp-hook.php(327): WP_Hook->apply_filters(NULL, Array)
#10 C:\xampp\htdocs\shoeshop\wp-includes\plugin.php(470): WP_Hook->do_action(Array)
#11 C:\xampp\htdocs\shoeshop\wp-admin\admin.php(175): do_action('admin_init')
#12 C:\xampp\htdocs\shoeshop\wp-admin\widgets.php(10): require_once('C:\\xampp\\htdocs...')
#13 {main}
  thrown in C:\xampp\htdocs\shoeshop\wp-includes\class-wp-hook.php on line 303

2021-08-05T14:19:56+00:00 CRITICAL Uncaught TypeError: call_user_func_array(): Argument #1 ($function) must be a valid callback, function "duplicator_global_scripts" not found or invalid function name in C:\xampp\htdocs\shoeshop\wp-includes\class-wp-hook.php:303
Stack trace:
#0 C:\xampp\htdocs\shoeshop\wp-includes\class-wp-hook.php(327): WP_Hook->apply_filters(NULL, Array)
#1 C:\xampp\htdocs\shoeshop\wp-includes\plugin.php(470): WP_Hook->do_action(Array)
#2 C:\xampp\htdocs\shoeshop\wp-includes\script-loader.php(2083): do_action('wp_enqueue_scri...')
#3 C:\xampp\htdocs\shoeshop\wp-includes\class-wp-hook.php(303): wp_enqueue_scripts('')
#4 C:\xampp\htdocs\shoeshop\wp-includes\class-wp-hook.php(327): WP_Hook->apply_filters(NULL, Array)
#5 C:\xampp\htdocs\shoeshop\wp-includes\plugin.php(470): WP_Hook->do_action(Array)
#6 C:\xampp\htdocs\shoeshop\wp-includes\general-template.php(3015): do_action('wp_head')
#7 C:\xampp\htdocs\shoeshop\wp-includes\blocks\legacy-widget.php(104): wp_head()
#8 C:\xampp\htdocs\shoeshop\wp-includes\class-wp-hook.php(303): handle_legacy_widget_preview_iframe('')
#9 C:\xampp\htdocs\shoeshop\wp-includes\class-wp-hook.php(327): WP_Hook->apply_filters(NULL, Array)
#10 C:\xampp\htdocs\shoeshop\wp-includes\plugin.php(470): WP_Hook->do_action(Array)
#11 C:\xampp\htdocs\shoeshop\wp-admin\admin.php(175): do_action('admin_init')
#12 C:\xampp\htdocs\shoeshop\wp-admin\widgets.php(10): require_once('C:\\xampp\\htdocs...')
#13 {main}
  thrown in C:\xampp\htdocs\shoeshop\wp-includes\class-wp-hook.php on line 303

2021-08-05T14:19:56+00:00 CRITICAL Uncaught TypeError: call_user_func_array(): Argument #1 ($function) must be a valid callback, function "duplicator_global_scripts" not found or invalid function name in C:\xampp\htdocs\shoeshop\wp-includes\class-wp-hook.php:303
Stack trace:
#0 C:\xampp\htdocs\shoeshop\wp-includes\class-wp-hook.php(327): WP_Hook->apply_filters(NULL, Array)
#1 C:\xampp\htdocs\shoeshop\wp-includes\plugin.php(470): WP_Hook->do_action(Array)
#2 C:\xampp\htdocs\shoeshop\wp-includes\script-loader.php(2083): do_action('wp_enqueue_scri...')
#3 C:\xampp\htdocs\shoeshop\wp-includes\class-wp-hook.php(303): wp_enqueue_scripts('')
#4 C:\xampp\htdocs\shoeshop\wp-includes\class-wp-hook.php(327): WP_Hook->apply_filters(NULL, Array)
#5 C:\xampp\htdocs\shoeshop\wp-includes\plugin.php(470): WP_Hook->do_action(Array)
#6 C:\xampp\htdocs\shoeshop\wp-includes\general-template.php(3015): do_action('wp_head')
#7 C:\xampp\htdocs\shoeshop\wp-includes\blocks\legacy-widget.php(104): wp_head()
#8 C:\xampp\htdocs\shoeshop\wp-includes\class-wp-hook.php(303): handle_legacy_widget_preview_iframe('')
#9 C:\xampp\htdocs\shoeshop\wp-includes\class-wp-hook.php(327): WP_Hook->apply_filters(NULL, Array)
#10 C:\xampp\htdocs\shoeshop\wp-includes\plugin.php(470): WP_Hook->do_action(Array)
#11 C:\xampp\htdocs\shoeshop\wp-admin\admin.php(175): do_action('admin_init')
#12 C:\xampp\htdocs\shoeshop\wp-admin\widgets.php(10): require_once('C:\\xampp\\htdocs...')
#13 {main}
  thrown in C:\xampp\htdocs\shoeshop\wp-includes\class-wp-hook.php on line 303

2021-08-05T14:19:58+00:00 CRITICAL Uncaught TypeError: call_user_func_array(): Argument #1 ($function) must be a valid callback, function "duplicator_global_scripts" not found or invalid function name in C:\xampp\htdocs\shoeshop\wp-includes\class-wp-hook.php:303
Stack trace:
#0 C:\xampp\htdocs\shoeshop\wp-includes\class-wp-hook.php(327): WP_Hook->apply_filters(NULL, Array)
#1 C:\xampp\htdocs\shoeshop\wp-includes\plugin.php(470): WP_Hook->do_action(Array)
#2 C:\xampp\htdocs\shoeshop\wp-includes\script-loader.php(2083): do_action('wp_enqueue_scri...')
#3 C:\xampp\htdocs\shoeshop\wp-includes\class-wp-hook.php(303): wp_enqueue_scripts('')
#4 C:\xampp\htdocs\shoeshop\wp-includes\class-wp-hook.php(327): WP_Hook->apply_filters(NULL, Array)
#5 C:\xampp\htdocs\shoeshop\wp-includes\plugin.php(470): WP_Hook->do_action(Array)
#6 C:\xampp\htdocs\shoeshop\wp-includes\general-template.php(3015): do_action('wp_head')
#7 C:\xampp\htdocs\shoeshop\wp-includes\blocks\legacy-widget.php(104): wp_head()
#8 C:\xampp\htdocs\shoeshop\wp-includes\class-wp-hook.php(303): handle_legacy_widget_preview_iframe('')
#9 C:\xampp\htdocs\shoeshop\wp-includes\class-wp-hook.php(327): WP_Hook->apply_filters(NULL, Array)
#10 C:\xampp\htdocs\shoeshop\wp-includes\plugin.php(470): WP_Hook->do_action(Array)
#11 C:\xampp\htdocs\shoeshop\wp-admin\admin.php(175): do_action('admin_init')
#12 C:\xampp\htdocs\shoeshop\wp-admin\widgets.php(10): require_once('C:\\xampp\\htdocs...')
#13 {main}
  thrown in C:\xampp\htdocs\shoeshop\wp-includes\class-wp-hook.php on line 303

2021-08-05T14:19:58+00:00 CRITICAL Uncaught TypeError: call_user_func_array(): Argument #1 ($function) must be a valid callback, function "duplicator_global_scripts" not found or invalid function name in C:\xampp\htdocs\shoeshop\wp-includes\class-wp-hook.php:303
Stack trace:
#0 C:\xampp\htdocs\shoeshop\wp-includes\class-wp-hook.php(327): WP_Hook->apply_filters(NULL, Array)
#1 C:\xampp\htdocs\shoeshop\wp-includes\plugin.php(470): WP_Hook->do_action(Array)
#2 C:\xampp\htdocs\shoeshop\wp-includes\script-loader.php(2083): do_action('wp_enqueue_scri...')
#3 C:\xampp\htdocs\shoeshop\wp-includes\class-wp-hook.php(303): wp_enqueue_scripts('')
#4 C:\xampp\htdocs\shoeshop\wp-includes\class-wp-hook.php(327): WP_Hook->apply_filters(NULL, Array)
#5 C:\xampp\htdocs\shoeshop\wp-includes\plugin.php(470): WP_Hook->do_action(Array)
#6 C:\xampp\htdocs\shoeshop\wp-includes\general-template.php(3015): do_action('wp_head')
#7 C:\xampp\htdocs\shoeshop\wp-includes\blocks\legacy-widget.php(104): wp_head()
#8 C:\xampp\htdocs\shoeshop\wp-includes\class-wp-hook.php(303): handle_legacy_widget_preview_iframe('')
#9 C:\xampp\htdocs\shoeshop\wp-includes\class-wp-hook.php(327): WP_Hook->apply_filters(NULL, Array)
#10 C:\xampp\htdocs\shoeshop\wp-includes\plugin.php(470): WP_Hook->do_action(Array)
#11 C:\xampp\htdocs\shoeshop\wp-admin\admin.php(175): do_action('admin_init')
#12 C:\xampp\htdocs\shoeshop\wp-admin\widgets.php(10): require_once('C:\\xampp\\htdocs...')
#13 {main}
  thrown in C:\xampp\htdocs\shoeshop\wp-includes\class-wp-hook.php on line 303

2021-08-05T14:19:59+00:00 CRITICAL Uncaught TypeError: call_user_func_array(): Argument #1 ($function) must be a valid callback, function "duplicator_global_scripts" not found or invalid function name in C:\xampp\htdocs\shoeshop\wp-includes\class-wp-hook.php:303
Stack trace:
#0 C:\xampp\htdocs\shoeshop\wp-includes\class-wp-hook.php(327): WP_Hook->apply_filters(NULL, Array)
#1 C:\xampp\htdocs\shoeshop\wp-includes\plugin.php(470): WP_Hook->do_action(Array)
#2 C:\xampp\htdocs\shoeshop\wp-includes\script-loader.php(2083): do_action('wp_enqueue_scri...')
#3 C:\xampp\htdocs\shoeshop\wp-includes\class-wp-hook.php(303): wp_enqueue_scripts('')
#4 C:\xampp\htdocs\shoeshop\wp-includes\class-wp-hook.php(327): WP_Hook->apply_filters(NULL, Array)
#5 C:\xampp\htdocs\shoeshop\wp-includes\plugin.php(470): WP_Hook->do_action(Array)
#6 C:\xampp\htdocs\shoeshop\wp-includes\general-template.php(3015): do_action('wp_head')
#7 C:\xampp\htdocs\shoeshop\wp-includes\blocks\legacy-widget.php(104): wp_head()
#8 C:\xampp\htdocs\shoeshop\wp-includes\class-wp-hook.php(303): handle_legacy_widget_preview_iframe('')
#9 C:\xampp\htdocs\shoeshop\wp-includes\class-wp-hook.php(327): WP_Hook->apply_filters(NULL, Array)
#10 C:\xampp\htdocs\shoeshop\wp-includes\plugin.php(470): WP_Hook->do_action(Array)
#11 C:\xampp\htdocs\shoeshop\wp-admin\admin.php(175): do_action('admin_init')
#12 C:\xampp\htdocs\shoeshop\wp-admin\widgets.php(10): require_once('C:\\xampp\\htdocs...')
#13 {main}
  thrown in C:\xampp\htdocs\shoeshop\wp-includes\class-wp-hook.php on line 303

2021-08-05T14:19:59+00:00 CRITICAL Uncaught TypeError: call_user_func_array(): Argument #1 ($function) must be a valid callback, function "duplicator_global_scripts" not found or invalid function name in C:\xampp\htdocs\shoeshop\wp-includes\class-wp-hook.php:303
Stack trace:
#0 C:\xampp\htdocs\shoeshop\wp-includes\class-wp-hook.php(327): WP_Hook->apply_filters(NULL, Array)
#1 C:\xampp\htdocs\shoeshop\wp-includes\plugin.php(470): WP_Hook->do_action(Array)
#2 C:\xampp\htdocs\shoeshop\wp-includes\script-loader.php(2083): do_action('wp_enqueue_scri...')
#3 C:\xampp\htdocs\shoeshop\wp-includes\class-wp-hook.php(303): wp_enqueue_scripts('')
#4 C:\xampp\htdocs\shoeshop\wp-includes\class-wp-hook.php(327): WP_Hook->apply_filters(NULL, Array)
#5 C:\xampp\htdocs\shoeshop\wp-includes\plugin.php(470): WP_Hook->do_action(Array)
#6 C:\xampp\htdocs\shoeshop\wp-includes\general-template.php(3015): do_action('wp_head')
#7 C:\xampp\htdocs\shoeshop\wp-includes\blocks\legacy-widget.php(104): wp_head()
#8 C:\xampp\htdocs\shoeshop\wp-includes\class-wp-hook.php(303): handle_legacy_widget_preview_iframe('')
#9 C:\xampp\htdocs\shoeshop\wp-includes\class-wp-hook.php(327): WP_Hook->apply_filters(NULL, Array)
#10 C:\xampp\htdocs\shoeshop\wp-includes\plugin.php(470): WP_Hook->do_action(Array)
#11 C:\xampp\htdocs\shoeshop\wp-admin\admin.php(175): do_action('admin_init')
#12 C:\xampp\htdocs\shoeshop\wp-admin\widgets.php(10): require_once('C:\\xampp\\htdocs...')
#13 {main}
  thrown in C:\xampp\htdocs\shoeshop\wp-includes\class-wp-hook.php on line 303

2021-08-05T14:20:01+00:00 CRITICAL Uncaught TypeError: call_user_func_array(): Argument #1 ($function) must be a valid callback, function "duplicator_global_scripts" not found or invalid function name in C:\xampp\htdocs\shoeshop\wp-includes\class-wp-hook.php:303
Stack trace:
#0 C:\xampp\htdocs\shoeshop\wp-includes\class-wp-hook.php(327): WP_Hook->apply_filters(NULL, Array)
#1 C:\xampp\htdocs\shoeshop\wp-includes\plugin.php(470): WP_Hook->do_action(Array)
#2 C:\xampp\htdocs\shoeshop\wp-includes\script-loader.php(2083): do_action('wp_enqueue_scri...')
#3 C:\xampp\htdocs\shoeshop\wp-includes\class-wp-hook.php(303): wp_enqueue_scripts('')
#4 C:\xampp\htdocs\shoeshop\wp-includes\class-wp-hook.php(327): WP_Hook->apply_filters(NULL, Array)
#5 C:\xampp\htdocs\shoeshop\wp-includes\plugin.php(470): WP_Hook->do_action(Array)
#6 C:\xampp\htdocs\shoeshop\wp-includes\general-template.php(3015): do_action('wp_head')
#7 C:\xampp\htdocs\shoeshop\wp-includes\blocks\legacy-widget.php(104): wp_head()
#8 C:\xampp\htdocs\shoeshop\wp-includes\class-wp-hook.php(303): handle_legacy_widget_preview_iframe('')
#9 C:\xampp\htdocs\shoeshop\wp-includes\class-wp-hook.php(327): WP_Hook->apply_filters(NULL, Array)
#10 C:\xampp\htdocs\shoeshop\wp-includes\plugin.php(470): WP_Hook->do_action(Array)
#11 C:\xampp\htdocs\shoeshop\wp-admin\admin.php(175): do_action('admin_init')
#12 C:\xampp\htdocs\shoeshop\wp-admin\widgets.php(10): require_once('C:\\xampp\\htdocs...')
#13 {main}
  thrown in C:\xampp\htdocs\shoeshop\wp-includes\class-wp-hook.php on line 303

2021-08-05T14:20:01+00:00 CRITICAL Uncaught TypeError: call_user_func_array(): Argument #1 ($function) must be a valid callback, function "duplicator_global_scripts" not found or invalid function name in C:\xampp\htdocs\shoeshop\wp-includes\class-wp-hook.php:303
Stack trace:
#0 C:\xampp\htdocs\shoeshop\wp-includes\class-wp-hook.php(327): WP_Hook->apply_filters(NULL, Array)
#1 C:\xampp\htdocs\shoeshop\wp-includes\plugin.php(470): WP_Hook->do_action(Array)
#2 C:\xampp\htdocs\shoeshop\wp-includes\script-loader.php(2083): do_action('wp_enqueue_scri...')
#3 C:\xampp\htdocs\shoeshop\wp-includes\class-wp-hook.php(303): wp_enqueue_scripts('')
#4 C:\xampp\htdocs\shoeshop\wp-includes\class-wp-hook.php(327): WP_Hook->apply_filters(NULL, Array)
#5 C:\xampp\htdocs\shoeshop\wp-includes\plugin.php(470): WP_Hook->do_action(Array)
#6 C:\xampp\htdocs\shoeshop\wp-includes\general-template.php(3015): do_action('wp_head')
#7 C:\xampp\htdocs\shoeshop\wp-includes\blocks\legacy-widget.php(104): wp_head()
#8 C:\xampp\htdocs\shoeshop\wp-includes\class-wp-hook.php(303): handle_legacy_widget_preview_iframe('')
#9 C:\xampp\htdocs\shoeshop\wp-includes\class-wp-hook.php(327): WP_Hook->apply_filters(NULL, Array)
#10 C:\xampp\htdocs\shoeshop\wp-includes\plugin.php(470): WP_Hook->do_action(Array)
#11 C:\xampp\htdocs\shoeshop\wp-admin\admin.php(175): do_action('admin_init')
#12 C:\xampp\htdocs\shoeshop\wp-admin\widgets.php(10): require_once('C:\\xampp\\htdocs...')
#13 {main}
  thrown in C:\xampp\htdocs\shoeshop\wp-includes\class-wp-hook.php on line 303

2021-08-05T14:20:01+00:00 CRITICAL Uncaught TypeError: call_user_func_array(): Argument #1 ($function) must be a valid callback, function "duplicator_global_scripts" not found or invalid function name in C:\xampp\htdocs\shoeshop\wp-includes\class-wp-hook.php:303
Stack trace:
#0 C:\xampp\htdocs\shoeshop\wp-includes\class-wp-hook.php(327): WP_Hook->apply_filters(NULL, Array)
#1 C:\xampp\htdocs\shoeshop\wp-includes\plugin.php(470): WP_Hook->do_action(Array)
#2 C:\xampp\htdocs\shoeshop\wp-includes\script-loader.php(2083): do_action('wp_enqueue_scri...')
#3 C:\xampp\htdocs\shoeshop\wp-includes\class-wp-hook.php(303): wp_enqueue_scripts('')
#4 C:\xampp\htdocs\shoeshop\wp-includes\class-wp-hook.php(327): WP_Hook->apply_filters(NULL, Array)
#5 C:\xampp\htdocs\shoeshop\wp-includes\plugin.php(470): WP_Hook->do_action(Array)
#6 C:\xampp\htdocs\shoeshop\wp-includes\general-template.php(3015): do_action('wp_head')
#7 C:\xampp\htdocs\shoeshop\wp-includes\blocks\legacy-widget.php(104): wp_head()
#8 C:\xampp\htdocs\shoeshop\wp-includes\class-wp-hook.php(303): handle_legacy_widget_preview_iframe('')
#9 C:\xampp\htdocs\shoeshop\wp-includes\class-wp-hook.php(327): WP_Hook->apply_filters(NULL, Array)
#10 C:\xampp\htdocs\shoeshop\wp-includes\plugin.php(470): WP_Hook->do_action(Array)
#11 C:\xampp\htdocs\shoeshop\wp-admin\admin.php(175): do_action('admin_init')
#12 C:\xampp\htdocs\shoeshop\wp-admin\widgets.php(10): require_once('C:\\xampp\\htdocs...')
#13 {main}
  thrown in C:\xampp\htdocs\shoeshop\wp-includes\class-wp-hook.php on line 303

2021-08-05T14:20:01+00:00 CRITICAL Uncaught TypeError: call_user_func_array(): Argument #1 ($function) must be a valid callback, function "duplicator_global_scripts" not found or invalid function name in C:\xampp\htdocs\shoeshop\wp-includes\class-wp-hook.php:303
Stack trace:
#0 C:\xampp\htdocs\shoeshop\wp-includes\class-wp-hook.php(327): WP_Hook->apply_filters(NULL, Array)
#1 C:\xampp\htdocs\shoeshop\wp-includes\plugin.php(470): WP_Hook->do_action(Array)
#2 C:\xampp\htdocs\shoeshop\wp-includes\script-loader.php(2083): do_action('wp_enqueue_scri...')
#3 C:\xampp\htdocs\shoeshop\wp-includes\class-wp-hook.php(303): wp_enqueue_scripts('')
#4 C:\xampp\htdocs\shoeshop\wp-includes\class-wp-hook.php(327): WP_Hook->apply_filters(NULL, Array)
#5 C:\xampp\htdocs\shoeshop\wp-includes\plugin.php(470): WP_Hook->do_action(Array)
#6 C:\xampp\htdocs\shoeshop\wp-includes\general-template.php(3015): do_action('wp_head')
#7 C:\xampp\htdocs\shoeshop\wp-includes\blocks\legacy-widget.php(104): wp_head()
#8 C:\xampp\htdocs\shoeshop\wp-includes\class-wp-hook.php(303): handle_legacy_widget_preview_iframe('')
#9 C:\xampp\htdocs\shoeshop\wp-includes\class-wp-hook.php(327): WP_Hook->apply_filters(NULL, Array)
#10 C:\xampp\htdocs\shoeshop\wp-includes\plugin.php(470): WP_Hook->do_action(Array)
#11 C:\xampp\htdocs\shoeshop\wp-admin\admin.php(175): do_action('admin_init')
#12 C:\xampp\htdocs\shoeshop\wp-admin\widgets.php(10): require_once('C:\\xampp\\htdocs...')
#13 {main}
  thrown in C:\xampp\htdocs\shoeshop\wp-includes\class-wp-hook.php on line 303

2021-08-05T14:20:02+00:00 CRITICAL Uncaught TypeError: call_user_func_array(): Argument #1 ($function) must be a valid callback, function "duplicator_global_scripts" not found or invalid function name in C:\xampp\htdocs\shoeshop\wp-includes\class-wp-hook.php:303
Stack trace:
#0 C:\xampp\htdocs\shoeshop\wp-includes\class-wp-hook.php(327): WP_Hook->apply_filters(NULL, Array)
#1 C:\xampp\htdocs\shoeshop\wp-includes\plugin.php(470): WP_Hook->do_action(Array)
#2 C:\xampp\htdocs\shoeshop\wp-includes\script-loader.php(2083): do_action('wp_enqueue_scri...')
#3 C:\xampp\htdocs\shoeshop\wp-includes\class-wp-hook.php(303): wp_enqueue_scripts('')
#4 C:\xampp\htdocs\shoeshop\wp-includes\class-wp-hook.php(327): WP_Hook->apply_filters(NULL, Array)
#5 C:\xampp\htdocs\shoeshop\wp-includes\plugin.php(470): WP_Hook->do_action(Array)
#6 C:\xampp\htdocs\shoeshop\wp-includes\general-template.php(3015): do_action('wp_head')
#7 C:\xampp\htdocs\shoeshop\wp-includes\blocks\legacy-widget.php(104): wp_head()
#8 C:\xampp\htdocs\shoeshop\wp-includes\class-wp-hook.php(303): handle_legacy_widget_preview_iframe('')
#9 C:\xampp\htdocs\shoeshop\wp-includes\class-wp-hook.php(327): WP_Hook->apply_filters(NULL, Array)
#10 C:\xampp\htdocs\shoeshop\wp-includes\plugin.php(470): WP_Hook->do_action(Array)
#11 C:\xampp\htdocs\shoeshop\wp-admin\admin.php(175): do_action('admin_init')
#12 C:\xampp\htdocs\shoeshop\wp-admin\widgets.php(10): require_once('C:\\xampp\\htdocs...')
#13 {main}
  thrown in C:\xampp\htdocs\shoeshop\wp-includes\class-wp-hook.php on line 303

2021-08-05T14:20:03+00:00 CRITICAL Uncaught TypeError: call_user_func_array(): Argument #1 ($function) must be a valid callback, function "duplicator_global_scripts" not found or invalid function name in C:\xampp\htdocs\shoeshop\wp-includes\class-wp-hook.php:303
Stack trace:
#0 C:\xampp\htdocs\shoeshop\wp-includes\class-wp-hook.php(327): WP_Hook->apply_filters(NULL, Array)
#1 C:\xampp\htdocs\shoeshop\wp-includes\plugin.php(470): WP_Hook->do_action(Array)
#2 C:\xampp\htdocs\shoeshop\wp-includes\script-loader.php(2083): do_action('wp_enqueue_scri...')
#3 C:\xampp\htdocs\shoeshop\wp-includes\class-wp-hook.php(303): wp_enqueue_scripts('')
#4 C:\xampp\htdocs\shoeshop\wp-includes\class-wp-hook.php(327): WP_Hook->apply_filters(NULL, Array)
#5 C:\xampp\htdocs\shoeshop\wp-includes\plugin.php(470): WP_Hook->do_action(Array)
#6 C:\xampp\htdocs\shoeshop\wp-includes\general-template.php(3015): do_action('wp_head')
#7 C:\xampp\htdocs\shoeshop\wp-includes\blocks\legacy-widget.php(104): wp_head()
#8 C:\xampp\htdocs\shoeshop\wp-includes\class-wp-hook.php(303): handle_legacy_widget_preview_iframe('')
#9 C:\xampp\htdocs\shoeshop\wp-includes\class-wp-hook.php(327): WP_Hook->apply_filters(NULL, Array)
#10 C:\xampp\htdocs\shoeshop\wp-includes\plugin.php(470): WP_Hook->do_action(Array)
#11 C:\xampp\htdocs\shoeshop\wp-admin\admin.php(175): do_action('admin_init')
#12 C:\xampp\htdocs\shoeshop\wp-admin\widgets.php(10): require_once('C:\\xampp\\htdocs...')
#13 {main}
  thrown in C:\xampp\htdocs\shoeshop\wp-includes\class-wp-hook.php on line 303

2021-08-05T14:20:04+00:00 CRITICAL Uncaught TypeError: call_user_func_array(): Argument #1 ($function) must be a valid callback, function "duplicator_global_scripts" not found or invalid function name in C:\xampp\htdocs\shoeshop\wp-includes\class-wp-hook.php:303
Stack trace:
#0 C:\xampp\htdocs\shoeshop\wp-includes\class-wp-hook.php(327): WP_Hook->apply_filters(NULL, Array)
#1 C:\xampp\htdocs\shoeshop\wp-includes\plugin.php(470): WP_Hook->do_action(Array)
#2 C:\xampp\htdocs\shoeshop\wp-includes\script-loader.php(2083): do_action('wp_enqueue_scri...')
#3 C:\xampp\htdocs\shoeshop\wp-includes\class-wp-hook.php(303): wp_enqueue_scripts('')
#4 C:\xampp\htdocs\shoeshop\wp-includes\class-wp-hook.php(327): WP_Hook->apply_filters(NULL, Array)
#5 C:\xampp\htdocs\shoeshop\wp-includes\plugin.php(470): WP_Hook->do_action(Array)
#6 C:\xampp\htdocs\shoeshop\wp-includes\general-template.php(3015): do_action('wp_head')
#7 C:\xampp\htdocs\shoeshop\wp-includes\blocks\legacy-widget.php(104): wp_head()
#8 C:\xampp\htdocs\shoeshop\wp-includes\class-wp-hook.php(303): handle_legacy_widget_preview_iframe('')
#9 C:\xampp\htdocs\shoeshop\wp-includes\class-wp-hook.php(327): WP_Hook->apply_filters(NULL, Array)
#10 C:\xampp\htdocs\shoeshop\wp-includes\plugin.php(470): WP_Hook->do_action(Array)
#11 C:\xampp\htdocs\shoeshop\wp-admin\admin.php(175): do_action('admin_init')
#12 C:\xampp\htdocs\shoeshop\wp-admin\widgets.php(10): require_once('C:\\xampp\\htdocs...')
#13 {main}
  thrown in C:\xampp\htdocs\shoeshop\wp-includes\class-wp-hook.php on line 303

2021-08-05T14:20:04+00:00 CRITICAL Uncaught TypeError: call_user_func_array(): Argument #1 ($function) must be a valid callback, function "duplicator_global_scripts" not found or invalid function name in C:\xampp\htdocs\shoeshop\wp-includes\class-wp-hook.php:303
Stack trace:
#0 C:\xampp\htdocs\shoeshop\wp-includes\class-wp-hook.php(327): WP_Hook->apply_filters(NULL, Array)
#1 C:\xampp\htdocs\shoeshop\wp-includes\plugin.php(470): WP_Hook->do_action(Array)
#2 C:\xampp\htdocs\shoeshop\wp-includes\script-loader.php(2083): do_action('wp_enqueue_scri...')
#3 C:\xampp\htdocs\shoeshop\wp-includes\class-wp-hook.php(303): wp_enqueue_scripts('')
#4 C:\xampp\htdocs\shoeshop\wp-includes\class-wp-hook.php(327): WP_Hook->apply_filters(NULL, Array)
#5 C:\xampp\htdocs\shoeshop\wp-includes\plugin.php(470): WP_Hook->do_action(Array)
#6 C:\xampp\htdocs\shoeshop\wp-includes\general-template.php(3015): do_action('wp_head')
#7 C:\xampp\htdocs\shoeshop\wp-includes\blocks\legacy-widget.php(104): wp_head()
#8 C:\xampp\htdocs\shoeshop\wp-includes\class-wp-hook.php(303): handle_legacy_widget_preview_iframe('')
#9 C:\xampp\htdocs\shoeshop\wp-includes\class-wp-hook.php(327): WP_Hook->apply_filters(NULL, Array)
#10 C:\xampp\htdocs\shoeshop\wp-includes\plugin.php(470): WP_Hook->do_action(Array)
#11 C:\xampp\htdocs\shoeshop\wp-admin\admin.php(175): do_action('admin_init')
#12 C:\xampp\htdocs\shoeshop\wp-admin\widgets.php(10): require_once('C:\\xampp\\htdocs...')
#13 {main}
  thrown in C:\xampp\htdocs\shoeshop\wp-includes\class-wp-hook.php on line 303

2021-08-05T14:20:04+00:00 CRITICAL Uncaught TypeError: call_user_func_array(): Argument #1 ($function) must be a valid callback, function "duplicator_global_scripts" not found or invalid function name in C:\xampp\htdocs\shoeshop\wp-includes\class-wp-hook.php:303
Stack trace:
#0 C:\xampp\htdocs\shoeshop\wp-includes\class-wp-hook.php(327): WP_Hook->apply_filters(NULL, Array)
#1 C:\xampp\htdocs\shoeshop\wp-includes\plugin.php(470): WP_Hook->do_action(Array)
#2 C:\xampp\htdocs\shoeshop\wp-includes\script-loader.php(2083): do_action('wp_enqueue_scri...')
#3 C:\xampp\htdocs\shoeshop\wp-includes\class-wp-hook.php(303): wp_enqueue_scripts('')
#4 C:\xampp\htdocs\shoeshop\wp-includes\class-wp-hook.php(327): WP_Hook->apply_filters(NULL, Array)
#5 C:\xampp\htdocs\shoeshop\wp-includes\plugin.php(470): WP_Hook->do_action(Array)
#6 C:\xampp\htdocs\shoeshop\wp-includes\general-template.php(3015): do_action('wp_head')
#7 C:\xampp\htdocs\shoeshop\wp-includes\blocks\legacy-widget.php(104): wp_head()
#8 C:\xampp\htdocs\shoeshop\wp-includes\class-wp-hook.php(303): handle_legacy_widget_preview_iframe('')
#9 C:\xampp\htdocs\shoeshop\wp-includes\class-wp-hook.php(327): WP_Hook->apply_filters(NULL, Array)
#10 C:\xampp\htdocs\shoeshop\wp-includes\plugin.php(470): WP_Hook->do_action(Array)
#11 C:\xampp\htdocs\shoeshop\wp-admin\admin.php(175): do_action('admin_init')
#12 C:\xampp\htdocs\shoeshop\wp-admin\widgets.php(10): require_once('C:\\xampp\\htdocs...')
#13 {main}
  thrown in C:\xampp\htdocs\shoeshop\wp-includes\class-wp-hook.php on line 303

2021-08-05T14:20:05+00:00 CRITICAL Uncaught TypeError: call_user_func_array(): Argument #1 ($function) must be a valid callback, function "duplicator_global_scripts" not found or invalid function name in C:\xampp\htdocs\shoeshop\wp-includes\class-wp-hook.php:303
Stack trace:
#0 C:\xampp\htdocs\shoeshop\wp-includes\class-wp-hook.php(327): WP_Hook->apply_filters(NULL, Array)
#1 C:\xampp\htdocs\shoeshop\wp-includes\plugin.php(470): WP_Hook->do_action(Array)
#2 C:\xampp\htdocs\shoeshop\wp-includes\script-loader.php(2083): do_action('wp_enqueue_scri...')
#3 C:\xampp\htdocs\shoeshop\wp-includes\class-wp-hook.php(303): wp_enqueue_scripts('')
#4 C:\xampp\htdocs\shoeshop\wp-includes\class-wp-hook.php(327): WP_Hook->apply_filters(NULL, Array)
#5 C:\xampp\htdocs\shoeshop\wp-includes\plugin.php(470): WP_Hook->do_action(Array)
#6 C:\xampp\htdocs\shoeshop\wp-includes\general-template.php(3015): do_action('wp_head')
#7 C:\xampp\htdocs\shoeshop\wp-includes\blocks\legacy-widget.php(104): wp_head()
#8 C:\xampp\htdocs\shoeshop\wp-includes\class-wp-hook.php(303): handle_legacy_widget_preview_iframe('')
#9 C:\xampp\htdocs\shoeshop\wp-includes\class-wp-hook.php(327): WP_Hook->apply_filters(NULL, Array)
#10 C:\xampp\htdocs\shoeshop\wp-includes\plugin.php(470): WP_Hook->do_action(Array)
#11 C:\xampp\htdocs\shoeshop\wp-admin\admin.php(175): do_action('admin_init')
#12 C:\xampp\htdocs\shoeshop\wp-admin\widgets.php(10): require_once('C:\\xampp\\htdocs...')
#13 {main}
  thrown in C:\xampp\htdocs\shoeshop\wp-includes\class-wp-hook.php on line 303

2021-08-05T14:20:05+00:00 CRITICAL Uncaught TypeError: call_user_func_array(): Argument #1 ($function) must be a valid callback, function "duplicator_global_scripts" not found or invalid function name in C:\xampp\htdocs\shoeshop\wp-includes\class-wp-hook.php:303
Stack trace:
#0 C:\xampp\htdocs\shoeshop\wp-includes\class-wp-hook.php(327): WP_Hook->apply_filters(NULL, Array)
#1 C:\xampp\htdocs\shoeshop\wp-includes\plugin.php(470): WP_Hook->do_action(Array)
#2 C:\xampp\htdocs\shoeshop\wp-includes\script-loader.php(2083): do_action('wp_enqueue_scri...')
#3 C:\xampp\htdocs\shoeshop\wp-includes\class-wp-hook.php(303): wp_enqueue_scripts('')
#4 C:\xampp\htdocs\shoeshop\wp-includes\class-wp-hook.php(327): WP_Hook->apply_filters(NULL, Array)
#5 C:\xampp\htdocs\shoeshop\wp-includes\plugin.php(470): WP_Hook->do_action(Array)
#6 C:\xampp\htdocs\shoeshop\wp-includes\general-template.php(3015): do_action('wp_head')
#7 C:\xampp\htdocs\shoeshop\wp-includes\blocks\legacy-widget.php(104): wp_head()
#8 C:\xampp\htdocs\shoeshop\wp-includes\class-wp-hook.php(303): handle_legacy_widget_preview_iframe('')
#9 C:\xampp\htdocs\shoeshop\wp-includes\class-wp-hook.php(327): WP_Hook->apply_filters(NULL, Array)
#10 C:\xampp\htdocs\shoeshop\wp-includes\plugin.php(470): WP_Hook->do_action(Array)
#11 C:\xampp\htdocs\shoeshop\wp-admin\admin.php(175): do_action('admin_init')
#12 C:\xampp\htdocs\shoeshop\wp-admin\widgets.php(10): require_once('C:\\xampp\\htdocs...')
#13 {main}
  thrown in C:\xampp\htdocs\shoeshop\wp-includes\class-wp-hook.php on line 303

2021-08-05T14:20:06+00:00 CRITICAL Uncaught TypeError: call_user_func_array(): Argument #1 ($function) must be a valid callback, function "duplicator_global_scripts" not found or invalid function name in C:\xampp\htdocs\shoeshop\wp-includes\class-wp-hook.php:303
Stack trace:
#0 C:\xampp\htdocs\shoeshop\wp-includes\class-wp-hook.php(327): WP_Hook->apply_filters(NULL, Array)
#1 C:\xampp\htdocs\shoeshop\wp-includes\plugin.php(470): WP_Hook->do_action(Array)
#2 C:\xampp\htdocs\shoeshop\wp-includes\script-loader.php(2083): do_action('wp_enqueue_scri...')
#3 C:\xampp\htdocs\shoeshop\wp-includes\class-wp-hook.php(303): wp_enqueue_scripts('')
#4 C:\xampp\htdocs\shoeshop\wp-includes\class-wp-hook.php(327): WP_Hook->apply_filters(NULL, Array)
#5 C:\xampp\htdocs\shoeshop\wp-includes\plugin.php(470): WP_Hook->do_action(Array)
#6 C:\xampp\htdocs\shoeshop\wp-includes\general-template.php(3015): do_action('wp_head')
#7 C:\xampp\htdocs\shoeshop\wp-includes\blocks\legacy-widget.php(104): wp_head()
#8 C:\xampp\htdocs\shoeshop\wp-includes\class-wp-hook.php(303): handle_legacy_widget_preview_iframe('')
#9 C:\xampp\htdocs\shoeshop\wp-includes\class-wp-hook.php(327): WP_Hook->apply_filters(NULL, Array)
#10 C:\xampp\htdocs\shoeshop\wp-includes\plugin.php(470): WP_Hook->do_action(Array)
#11 C:\xampp\htdocs\shoeshop\wp-admin\admin.php(175): do_action('admin_init')
#12 C:\xampp\htdocs\shoeshop\wp-admin\widgets.php(10): require_once('C:\\xampp\\htdocs...')
#13 {main}
  thrown in C:\xampp\htdocs\shoeshop\wp-includes\class-wp-hook.php on line 303

2021-08-05T14:20:06+00:00 CRITICAL Uncaught TypeError: call_user_func_array(): Argument #1 ($function) must be a valid callback, function "duplicator_global_scripts" not found or invalid function name in C:\xampp\htdocs\shoeshop\wp-includes\class-wp-hook.php:303
Stack trace:
#0 C:\xampp\htdocs\shoeshop\wp-includes\class-wp-hook.php(327): WP_Hook->apply_filters(NULL, Array)
#1 C:\xampp\htdocs\shoeshop\wp-includes\plugin.php(470): WP_Hook->do_action(Array)
#2 C:\xampp\htdocs\shoeshop\wp-includes\script-loader.php(2083): do_action('wp_enqueue_scri...')
#3 C:\xampp\htdocs\shoeshop\wp-includes\class-wp-hook.php(303): wp_enqueue_scripts('')
#4 C:\xampp\htdocs\shoeshop\wp-includes\class-wp-hook.php(327): WP_Hook->apply_filters(NULL, Array)
#5 C:\xampp\htdocs\shoeshop\wp-includes\plugin.php(470): WP_Hook->do_action(Array)
#6 C:\xampp\htdocs\shoeshop\wp-includes\general-template.php(3015): do_action('wp_head')
#7 C:\xampp\htdocs\shoeshop\wp-includes\blocks\legacy-widget.php(104): wp_head()
#8 C:\xampp\htdocs\shoeshop\wp-includes\class-wp-hook.php(303): handle_legacy_widget_preview_iframe('')
#9 C:\xampp\htdocs\shoeshop\wp-includes\class-wp-hook.php(327): WP_Hook->apply_filters(NULL, Array)
#10 C:\xampp\htdocs\shoeshop\wp-includes\plugin.php(470): WP_Hook->do_action(Array)
#11 C:\xampp\htdocs\shoeshop\wp-admin\admin.php(175): do_action('admin_init')
#12 C:\xampp\htdocs\shoeshop\wp-admin\widgets.php(10): require_once('C:\\xampp\\htdocs...')
#13 {main}
  thrown in C:\xampp\htdocs\shoeshop\wp-includes\class-wp-hook.php on line 303

2021-08-05T14:20:07+00:00 CRITICAL Uncaught TypeError: call_user_func_array(): Argument #1 ($function) must be a valid callback, function "duplicator_global_scripts" not found or invalid function name in C:\xampp\htdocs\shoeshop\wp-includes\class-wp-hook.php:303
Stack trace:
#0 C:\xampp\htdocs\shoeshop\wp-includes\class-wp-hook.php(327): WP_Hook->apply_filters(NULL, Array)
#1 C:\xampp\htdocs\shoeshop\wp-includes\plugin.php(470): WP_Hook->do_action(Array)
#2 C:\xampp\htdocs\shoeshop\wp-includes\script-loader.php(2083): do_action('wp_enqueue_scri...')
#3 C:\xampp\htdocs\shoeshop\wp-includes\class-wp-hook.php(303): wp_enqueue_scripts('')
#4 C:\xampp\htdocs\shoeshop\wp-includes\class-wp-hook.php(327): WP_Hook->apply_filters(NULL, Array)
#5 C:\xampp\htdocs\shoeshop\wp-includes\plugin.php(470): WP_Hook->do_action(Array)
#6 C:\xampp\htdocs\shoeshop\wp-includes\general-template.php(3015): do_action('wp_head')
#7 C:\xampp\htdocs\shoeshop\wp-includes\blocks\legacy-widget.php(104): wp_head()
#8 C:\xampp\htdocs\shoeshop\wp-includes\class-wp-hook.php(303): handle_legacy_widget_preview_iframe('')
#9 C:\xampp\htdocs\shoeshop\wp-includes\class-wp-hook.php(327): WP_Hook->apply_filters(NULL, Array)
#10 C:\xampp\htdocs\shoeshop\wp-includes\plugin.php(470): WP_Hook->do_action(Array)
#11 C:\xampp\htdocs\shoeshop\wp-admin\admin.php(175): do_action('admin_init')
#12 C:\xampp\htdocs\shoeshop\wp-admin\widgets.php(10): require_once('C:\\xampp\\htdocs...')
#13 {main}
  thrown in C:\xampp\htdocs\shoeshop\wp-includes\class-wp-hook.php on line 303

2021-08-05T14:20:07+00:00 CRITICAL Uncaught TypeError: call_user_func_array(): Argument #1 ($function) must be a valid callback, function "duplicator_global_scripts" not found or invalid function name in C:\xampp\htdocs\shoeshop\wp-includes\class-wp-hook.php:303
Stack trace:
#0 C:\xampp\htdocs\shoeshop\wp-includes\class-wp-hook.php(327): WP_Hook->apply_filters(NULL, Array)
#1 C:\xampp\htdocs\shoeshop\wp-includes\plugin.php(470): WP_Hook->do_action(Array)
#2 C:\xampp\htdocs\shoeshop\wp-includes\script-loader.php(2083): do_action('wp_enqueue_scri...')
#3 C:\xampp\htdocs\shoeshop\wp-includes\class-wp-hook.php(303): wp_enqueue_scripts('')
#4 C:\xampp\htdocs\shoeshop\wp-includes\class-wp-hook.php(327): WP_Hook->apply_filters(NULL, Array)
#5 C:\xampp\htdocs\shoeshop\wp-includes\plugin.php(470): WP_Hook->do_action(Array)
#6 C:\xampp\htdocs\shoeshop\wp-includes\general-template.php(3015): do_action('wp_head')
#7 C:\xampp\htdocs\shoeshop\wp-includes\blocks\legacy-widget.php(104): wp_head()
#8 C:\xampp\htdocs\shoeshop\wp-includes\class-wp-hook.php(303): handle_legacy_widget_preview_iframe('')
#9 C:\xampp\htdocs\shoeshop\wp-includes\class-wp-hook.php(327): WP_Hook->apply_filters(NULL, Array)
#10 C:\xampp\htdocs\shoeshop\wp-includes\plugin.php(470): WP_Hook->do_action(Array)
#11 C:\xampp\htdocs\shoeshop\wp-admin\admin.php(175): do_action('admin_init')
#12 C:\xampp\htdocs\shoeshop\wp-admin\widgets.php(10): require_once('C:\\xampp\\htdocs...')
#13 {main}
  thrown in C:\xampp\htdocs\shoeshop\wp-includes\class-wp-hook.php on line 303

2021-08-05T14:20:07+00:00 CRITICAL Uncaught TypeError: call_user_func_array(): Argument #1 ($function) must be a valid callback, function "duplicator_global_scripts" not found or invalid function name in C:\xampp\htdocs\shoeshop\wp-includes\class-wp-hook.php:303
Stack trace:
#0 C:\xampp\htdocs\shoeshop\wp-includes\class-wp-hook.php(327): WP_Hook->apply_filters(NULL, Array)
#1 C:\xampp\htdocs\shoeshop\wp-includes\plugin.php(470): WP_Hook->do_action(Array)
#2 C:\xampp\htdocs\shoeshop\wp-includes\script-loader.php(2083): do_action('wp_enqueue_scri...')
#3 C:\xampp\htdocs\shoeshop\wp-includes\class-wp-hook.php(303): wp_enqueue_scripts('')
#4 C:\xampp\htdocs\shoeshop\wp-includes\class-wp-hook.php(327): WP_Hook->apply_filters(NULL, Array)
#5 C:\xampp\htdocs\shoeshop\wp-includes\plugin.php(470): WP_Hook->do_action(Array)
#6 C:\xampp\htdocs\shoeshop\wp-includes\general-template.php(3015): do_action('wp_head')
#7 C:\xampp\htdocs\shoeshop\wp-includes\blocks\legacy-widget.php(104): wp_head()
#8 C:\xampp\htdocs\shoeshop\wp-includes\class-wp-hook.php(303): handle_legacy_widget_preview_iframe('')
#9 C:\xampp\htdocs\shoeshop\wp-includes\class-wp-hook.php(327): WP_Hook->apply_filters(NULL, Array)
#10 C:\xampp\htdocs\shoeshop\wp-includes\plugin.php(470): WP_Hook->do_action(Array)
#11 C:\xampp\htdocs\shoeshop\wp-admin\admin.php(175): do_action('admin_init')
#12 C:\xampp\htdocs\shoeshop\wp-admin\widgets.php(10): require_once('C:\\xampp\\htdocs...')
#13 {main}
  thrown in C:\xampp\htdocs\shoeshop\wp-includes\class-wp-hook.php on line 303

2021-08-05T14:20:43+00:00 CRITICAL Uncaught Error: Unknown named parameter $tasks_meta_id in C:\xampp\htdocs\shoeshop\wp-includes\class-wp-hook.php:303
Stack trace:
#0 C:\xampp\htdocs\shoeshop\wp-includes\class-wp-hook.php(327): WP_Hook->apply_filters('', Array)
#1 C:\xampp\htdocs\shoeshop\wp-includes\plugin.php(518): WP_Hook->do_action(Array)
#2 C:\xampp\htdocs\shoeshop\wp-content\plugins\woocommerce\packages\action-scheduler\classes\actions\ActionScheduler_Action.php(22): do_action_ref_array('wpforms_admin_n...', Array)
#3 C:\xampp\htdocs\shoeshop\wp-content\plugins\woocommerce\packages\action-scheduler\classes\abstracts\ActionScheduler_Abstract_QueueRunner.php(65): ActionScheduler_Action->execute()
#4 C:\xampp\htdocs\shoeshop\wp-content\plugins\woocommerce\packages\action-scheduler\classes\ActionScheduler_QueueRunner.php(162): ActionScheduler_Abstract_QueueRunner->process_action(1090, 'Async Request')
#5 C:\xampp\htdocs\shoeshop\wp-content\plugins\woocommerce\packages\action-scheduler\classes\ActionScheduler_QueueRunner.php(132): ActionScheduler_QueueRunner->do_batch(25, 'Async Request')
#6 C:\xampp\htdocs\shoeshop\wp-includes\class-wp-hook.php(303): ActionScheduler_QueueRunner->run('Async Request')
#7 C:\xampp\htdocs\shoeshop\wp-includes\class-wp-hook.php(327): WP_Hook->apply_filters('', Array)
#8 C:\xampp\htdocs\shoeshop\wp-includes\plugin.php(470): WP_Hook->do_action(Array)
#9 C:\xampp\htdocs\shoeshop\wp-content\plugins\woocommerce\packages\action-scheduler\classes\ActionScheduler_AsyncRequest_QueueRunner.php(52): do_action('action_schedule...', 'Async Request')
#10 C:\xampp\htdocs\shoeshop\wp-content\plugins\woocommerce\includes\libraries\wp-async-request.php(147): ActionScheduler_AsyncRequest_QueueRunner->handle()
#11 C:\xampp\htdocs\shoeshop\wp-includes\class-wp-hook.php(303): WP_Async_Request->maybe_handle('')
#12 C:\xampp\htdocs\shoeshop\wp-includes\class-wp-hook.php(327): WP_Hook->apply_filters('', Array)
#13 C:\xampp\htdocs\shoeshop\wp-includes\plugin.php(470): WP_Hook->do_action(Array)
#14 C:\xampp\htdocs\shoeshop\wp-admin\admin-ajax.php(187): do_action('wp_ajax_as_asyn...')
#15 {main}
  thrown in C:\xampp\htdocs\shoeshop\wp-includes\class-wp-hook.php on line 303

2021-08-05T14:21:18+00:00 CRITICAL Uncaught Error: Unknown named parameter $tasks_meta_id in C:\xampp\htdocs\shoeshop\wp-includes\class-wp-hook.php:303
Stack trace:
#0 C:\xampp\htdocs\shoeshop\wp-includes\class-wp-hook.php(327): WP_Hook->apply_filters('', Array)
#1 C:\xampp\htdocs\shoeshop\wp-includes\plugin.php(518): WP_Hook->do_action(Array)
#2 C:\xampp\htdocs\shoeshop\wp-content\plugins\woocommerce\packages\action-scheduler\classes\actions\ActionScheduler_Action.php(22): do_action_ref_array('wpforms_admin_n...', Array)
#3 C:\xampp\htdocs\shoeshop\wp-content\plugins\woocommerce\packages\action-scheduler\classes\abstracts\ActionScheduler_Abstract_QueueRunner.php(65): ActionScheduler_Action->execute()
#4 C:\xampp\htdocs\shoeshop\wp-content\plugins\woocommerce\packages\action-scheduler\classes\ActionScheduler_QueueRunner.php(162): ActionScheduler_Abstract_QueueRunner->process_action(1091, 'WP Cron')
#5 C:\xampp\htdocs\shoeshop\wp-content\plugins\woocommerce\packages\action-scheduler\classes\ActionScheduler_QueueRunner.php(132): ActionScheduler_QueueRunner->do_batch(25, 'WP Cron')
#6 C:\xampp\htdocs\shoeshop\wp-includes\class-wp-hook.php(303): ActionScheduler_QueueRunner->run('WP Cron')
#7 C:\xampp\htdocs\shoeshop\wp-includes\class-wp-hook.php(327): WP_Hook->apply_filters('', Array)
#8 C:\xampp\htdocs\shoeshop\wp-includes\plugin.php(518): WP_Hook->do_action(Array)
#9 C:\xampp\htdocs\shoeshop\wp-cron.php(138): do_action_ref_array('action_schedule...', Array)
#10 {main}
  thrown in C:\xampp\htdocs\shoeshop\wp-includes\class-wp-hook.php on line 303

